2022-05-01 06:57:05 +0000  Initial pipeline context: <IDEDistributionProcessingPipelineContext: 0x7f817c458370; archive(resolved)="<IDEArchive: 0x7f81985384b0>", distributionTask(resolved)="2", distributionDestination(resolved)="1", distributionMethod(resolved)="<IDEDistributionMethodiOSAdHoc: 0x7f8191221300>", team(resolved)="<IDEProvisioningDisambiguatableBasicTeam: 0x7f8192c1b390; teamID='98LH7BG9F6', teamName='Uwe Eichkorn', teamType='Individual', username='uwe.bsetunes@outlook.com', isFreeProvisioningTeam='0'>">
	Chain (14, self inclusive):
	<IDEDistributionProcessingPipelineContext: 0x7f817c458370; archive = "<IDEArchive: 0x7f81985384b0>", distributionMethod="<IDEDistributionMethodiOSAdHoc: 0x7f8191221300>", team="<IDEProvisioningDisambiguatableBasicTeam: 0x7f8192c1b390; teamID='98LH7BG9F6', teamName='Uwe Eichkorn', teamType='Individual', username='uwe.bsetunes@outlook.com', isFreeProvisioningTeam='0'>">
	<IDEDistributionProcessingPipelineContext: 0x7f817c486a70; archive = "<IDEArchive: 0x7f81985384b0>", distributionMethod="<IDEDistributionMethodiOSAdHoc: 0x7f8191221300>", team="<IDEProvisioningDisambiguatableBasicTeam: 0x7f8192c1b390; teamID='98LH7BG9F6', teamName='Uwe Eichkorn', teamType='Individual', username='uwe.bsetunes@outlook.com', isFreeProvisioningTeam='0'>">
	<IDEDistributionContext: 0x7f819727bc60; archive = "<IDEArchive: 0x7f81985384b0>", distributionMethod="<IDEDistributionMethodiOSAdHoc: 0x7f8191221300>", team="<IDEProvisioningDisambiguatableBasicTeam: 0x7f8192c1b390; teamID='98LH7BG9F6', teamName='Uwe Eichkorn', teamType='Individual', username='uwe.bsetunes@outlook.com', isFreeProvisioningTeam='0'>">
	<IDEDistributionContext: 0x7f817c4b5e50; archive = "<IDEArchive: 0x7f81985384b0>", distributionMethod="<IDEDistributionMethodiOSAdHoc: 0x7f8191221300>", team="<IDEProvisioningDisambiguatableBasicTeam: 0x7f8192c1b390; teamID='98LH7BG9F6', teamName='Uwe Eichkorn', teamType='Individual', username='uwe.bsetunes@outlook.com', isFreeProvisioningTeam='0'>">
	<IDEDistributionContext: 0x7f817c47f070; archive = "<IDEArchive: 0x7f81985384b0>", distributionMethod="<IDEDistributionMethodiOSAdHoc: 0x7f8191221300>", team="<IDEProvisioningDisambiguatableBasicTeam: 0x7f8192c1b390; teamID='98LH7BG9F6', teamName='Uwe Eichkorn', teamType='Individual', username='uwe.bsetunes@outlook.com', isFreeProvisioningTeam='0'>">
	<IDEDistributionContext: 0x7f81972c9c60; archive = "<IDEArchive: 0x7f81985384b0>", distributionMethod="<IDEDistributionMethodiOSAdHoc: 0x7f8191221300>", team="<IDEProvisioningDisambiguatableBasicTeam: 0x7f8192c1b390; teamID='98LH7BG9F6', teamName='Uwe Eichkorn', teamType='Individual', username='uwe.bsetunes@outlook.com', isFreeProvisioningTeam='0'>">
	<IDEDistributionContext: 0x7f81982d5cf0; archive = "<IDEArchive: 0x7f81985384b0>", distributionMethod="<IDEDistributionMethodiOSAdHoc: 0x7f8191221300>", team="<IDEProvisioningDisambiguatableBasicTeam: 0x7f8192c1b390; teamID='98LH7BG9F6', teamName='Uwe Eichkorn', teamType='Individual', username='uwe.bsetunes@outlook.com', isFreeProvisioningTeam='0'>">
	<IDEDistributionContext: 0x7f819829c940; archive = "<IDEArchive: 0x7f81985384b0>", distributionMethod="<IDEDistributionMethodiOSAdHoc: 0x7f8191221300>", team="<IDEProvisioningDisambiguatableBasicTeam: 0x7f8192c1b390; teamID='98LH7BG9F6', teamName='Uwe Eichkorn', teamType='Individual', username='uwe.bsetunes@outlook.com', isFreeProvisioningTeam='0'>">
	<IDEDistributionContext: 0x7f81972b9440; archive = "<IDEArchive: 0x7f81985384b0>", distributionMethod="<IDEDistributionMethodiOSAdHoc: 0x7f8191221300>", team="<IDEProvisioningDisambiguatableBasicTeam: 0x7f8192c1b390; teamID='98LH7BG9F6', teamName='Uwe Eichkorn', teamType='Individual', username='uwe.bsetunes@outlook.com', isFreeProvisioningTeam='0'>">
	<IDEDistributionContext: 0x7f8191070d10; archive = "<IDEArchive: 0x7f81985384b0>", distributionMethod="<IDEDistributionMethodiOSAdHoc: 0x7f8191221300>", team="(null)">
	<IDEDistributionContext: 0x7f81975f6480; archive = "<IDEArchive: 0x7f81985384b0>", distributionMethod="<IDEDistributionMethodiOSAdHoc: 0x7f8191221300>", team="(null)">
	<IDEDistributionContext: 0x7f81981cf260; archive = "<IDEArchive: 0x7f81985384b0>", distributionMethod="<IDEDistributionMethodiOSAdHoc: 0x7f8191221300>", team="(null)">
	<IDEDistributionContext: 0x7f8198295880; archive = "<IDEArchive: 0x7f81985384b0>", distributionMethod="<IDEDistributionMethodiOSAdHoc: 0x7f8191221300>", team="(null)">
	<IDEDistributionContext: 0x7f8197188ab0; archive = "<IDEArchive: 0x7f81985384b0>", distributionMethod="(null)", team="(null)">
</IDEDistributionProcessingPipelineContext: 0x7f817c458370>
2022-05-01 06:57:05 +0000  Processing step: IDEDistributionCreateDestRootStep
2022-05-01 06:57:05 +0000  Processing step: IDEDistributionCopyItemStep
2022-05-01 06:57:05 +0000  Running /usr/bin/ditto '-V' '/Users/macbookpro/Library/Developer/Xcode/Archives/2022-05-01/BSE.Tunes.XApp.iOS 5-01-22 8.53 AM.xcarchive/Products/Applications/BSE.Tunes.XApp.iOS.app' '/var/folders/6w/62l3y6z15q71hs2tbyjvns480000gn/T/XcodeDistPipeline.~~~zRico9/Root/Payload/BSE.Tunes.XApp.iOS.app'
2022-05-01 06:57:05 +0000  >>> Copying /Users/macbookpro/Library/Developer/Xcode/Archives/2022-05-01/BSE.Tunes.XApp.iOS 5-01-22 8.53 AM.xcarchive/Products/Applications/BSE.Tunes.XApp.iOS.app 
2022-05-01 06:57:05 +0000  copying file ./Prism.Forms.dll ... 
2022-05-01 06:57:05 +0000  85504 bytes for ./Prism.Forms.dll
2022-05-01 06:57:05 +0000  copying file ./OpenTK-1.0.dll ... 
2022-05-01 06:57:05 +0000  68608 bytes for ./OpenTK-1.0.dll
copying file ./FFImageLoading.Platform.aotdata.arm64 ... 
2022-05-01 06:57:05 +0000  107704 bytes for ./FFImageLoading.Platform.aotdata.arm64
2022-05-01 06:57:05 +0000  copying file ./icon_shuffle_pk_light@2x.png ... 
2022-05-01 06:57:05 +0000  1065 bytes for ./icon_shuffle_pk_light@2x.png
2022-05-01 06:57:05 +0000  copying file ./_CodeSignature/CodeResources ... 
2022-05-01 06:57:05 +0000  52905 bytes for ./_CodeSignature/CodeResources
2022-05-01 06:57:05 +0000  copying file ./WebP.Touch.aotdata.arm64 ... 
2022-05-01 06:57:05 +0000  1400 bytes for ./WebP.Touch.aotdata.arm64
2022-05-01 06:57:05 +0000  copying file ./sk/Xamarin.Forms.Platform.iOS.resources.dll ... 
2022-05-01 06:57:05 +0000  14256 bytes for ./sk/Xamarin.Forms.Platform.iOS.resources.dll
2022-05-01 06:57:05 +0000  copying file ./FFImageLoading.Transformations.aotdata.arm64 ... 
2022-05-01 06:57:05 +0000  5792 bytes for ./FFImageLoading.Transformations.aotdata.arm64
2022-05-01 06:57:05 +0000  copying file ./SvgImageSource.iOS.aotdata.arm64 ... 
2022-05-01 06:57:05 +0000  12208 bytes for ./SvgImageSource.iOS.aotdata.arm64
2022-05-01 06:57:05 +0000  copying file ./icon_add_list_bk@2x.png ... 
2022-05-01 06:57:05 +0000  764 bytes for ./icon_add_list_bk@2x.png
2022-05-01 06:57:05 +0000  copying file ./zh-Hans/Xamarin.Forms.Platform.iOS.resources.dll ... 
2022-05-01 06:57:05 +0000  14256 bytes for ./zh-Hans/Xamarin.Forms.Platform.iOS.resources.dll
2022-05-01 06:57:05 +0000  copying file ./icon_playnext_gy_light.png ... 
2022-05-01 06:57:05 +0000  636 bytes for ./icon_playnext_gy_light.png
2022-05-01 06:57:05 +0000  copying file ./System.Xml.Linq.dll ... 
2022-05-01 06:57:05 +0000  24576 bytes for ./System.Xml.Linq.dll
2022-05-01 06:57:05 +0000  copying file ./zh-Hant/Xamarin.Forms.Platform.iOS.resources.dll ... 
2022-05-01 06:57:05 +0000  13176 bytes for ./zh-Hant/Xamarin.Forms.Platform.iOS.resources.dll
2022-05-01 06:57:05 +0000  copying file ./FFImageLoading.Transformations.dll ... 
2022-05-01 06:57:05 +0000  17408 bytes for ./FFImageLoading.Transformations.dll
2022-05-01 06:57:05 +0000  copying file ./icon_delete_wh@2x.png ... 
2022-05-01 06:57:05 +0000  654 bytes for ./icon_delete_wh@2x.png
2022-05-01 06:57:05 +0000  copying file ./icon_shuffle_wh@3x.png ... 
2022-05-01 06:57:05 +0000  2158 bytes for ./icon_shuffle_wh@3x.png
2022-05-01 06:57:05 +0000  copying file ./System.Numerics.aotdata.arm64 ... 
2022-05-01 06:57:05 +0000  16800 bytes for ./System.Numerics.aotdata.arm64
2022-05-01 06:57:05 +0000  copying file ./icon_album@2x.png ... 
2022-05-01 06:57:05 +0000  667 bytes for ./icon_album@2x.png
2022-05-01 06:57:05 +0000  copying file ./FFImageLoading.Forms.dll ... 
2022-05-01 06:57:05 +0000  23552 bytes for ./FFImageLoading.Forms.dll
2022-05-01 06:57:05 +0000  copying file ./pl/Xamarin.Forms.Platform.iOS.resources.dll ... 
2022-05-01 06:57:05 +0000  14256 bytes for ./pl/Xamarin.Forms.Platform.iOS.resources.dll
2022-05-01 06:57:05 +0000  copying file ./icon_playnext_bk@2x.png ... 
2022-05-01 06:57:05 +0000  664 bytes for ./icon_playnext_bk@2x.png
2022-05-01 06:57:05 +0000  copying file ./Default-Portrait@2x.png ... 
2022-05-01 06:57:05 +0000  31001 bytes for ./Default-Portrait@2x.png
2022-05-01 06:57:05 +0000  copying file ./vi/Xamarin.Forms.Platform.iOS.resources.dll ... 
2022-05-01 06:57:05 +0000  14256 bytes for ./vi/Xamarin.Forms.Platform.iOS.resources.dll
2022-05-01 06:57:05 +0000  copying file ./System.Xml.Linq.aotdata.arm64 ... 
2022-05-01 06:57:05 +0000  9296 bytes for ./System.Xml.Linq.aotdata.arm64
2022-05-01 06:57:05 +0000  copying file ./sv/Xamarin.Forms.Platform.iOS.resources.dll ... 
2022-05-01 06:57:05 +0000  14256 bytes for ./sv/Xamarin.Forms.Platform.iOS.resources.dll
2022-05-01 06:57:05 +0000  copying file ./FFImageLoading.Forms.Platform.dll ... 
2022-05-01 06:57:05 +0000  12800 bytes for ./FFImageLoading.Forms.Platform.dll
2022-05-01 06:57:05 +0000  copying file ./icon_play_gy_dark_20.png ... 
2022-05-01 06:57:05 +0000  454 bytes for ./icon_play_gy_dark_20.png
2022-05-01 06:57:05 +0000  copying file ./icon_chevron_right_d_gray@2x.png ... 
2022-05-01 06:57:05 +0000  549 bytes for ./icon_chevron_right_d_gray@2x.png
2022-05-01 06:57:05 +0000  copying file ./he/Xamarin.Forms.Platform.iOS.resources.dll ... 
2022-05-01 06:57:05 +0000  14256 bytes for ./he/Xamarin.Forms.Platform.iOS.resources.dll
2022-05-01 06:57:05 +0000  copying file ./ms/Xamarin.Forms.Platform.iOS.resources.dll ... 
2022-05-01 06:57:05 +0000  14256 bytes for ./ms/Xamarin.Forms.Platform.iOS.resources.dll
2022-05-01 06:57:05 +0000  copying file ./FFImageLoading.Forms.Platform.aotdata.arm64 ... 
2022-05-01 06:57:05 +0000  8016 bytes for ./FFImageLoading.Forms.Platform.aotdata.arm64
2022-05-01 06:57:05 +0000  copying file ./System.Core.aotdata.arm64 ... 
2022-05-01 06:57:05 +0000  471128 bytes for ./System.Core.aotdata.arm64
2022-05-01 06:57:05 +0000  copying file ./icon_play_wh_20.png ... 
419 bytes for ./icon_play_wh_20.png
copying file ./icon_playnext_bk@3x.png ... 
2022-05-01 06:57:05 +0000  1015 bytes for ./icon_playnext_bk@3x.png
2022-05-01 06:57:05 +0000  copying file ./BSE.Tunes.XApp.iOS.exe.config ... 
2022-05-01 06:57:05 +0000  423 bytes for ./BSE.Tunes.XApp.iOS.exe.config
2022-05-01 06:57:05 +0000  copying file ./Prism.dll ... 
2022-05-01 06:57:05 +0000  62976 bytes for ./Prism.dll
2022-05-01 06:57:05 +0000  copying file ./System.Net.Http.dll ... 
2022-05-01 06:57:05 +0000  114688 bytes for ./System.Net.Http.dll
2022-05-01 06:57:05 +0000  copying file ./Xamarin.iOS.aotdata.arm64 ... 
2022-05-01 06:57:05 +0000  291792 bytes for ./Xamarin.iOS.aotdata.arm64
2022-05-01 06:57:05 +0000  copying file ./da/Xamarin.Forms.Platform.iOS.resources.dll ... 
2022-05-01 06:57:05 +0000  14256 bytes for ./da/Xamarin.Forms.Platform.iOS.resources.dll
2022-05-01 06:57:05 +0000  copying file ./icon_settings@2x.png ... 
2022-05-01 06:57:05 +0000  795 bytes for ./icon_settings@2x.png
2022-05-01 06:57:05 +0000  copying file ./System.ServiceModel.Internals.aotdata.arm64 ... 
2022-05-01 06:57:05 +0000  9968 bytes for ./System.ServiceModel.Internals.aotdata.arm64
2022-05-01 06:57:05 +0000  copying file ./FFImageLoading.Platform.dll ... 
2022-05-01 06:57:05 +0000  49664 bytes for ./FFImageLoading.Platform.dll
2022-05-01 06:57:05 +0000  copying file ./icon_delete_wh@3x.png ... 
2022-05-01 06:57:05 +0000  1101 bytes for ./icon_delete_wh@3x.png
2022-05-01 06:57:05 +0000  copying file ./icon_shuffle_wh@2x.png ... 
2022-05-01 06:57:05 +0000  1054 bytes for ./icon_shuffle_wh@2x.png
2022-05-01 06:57:05 +0000  copying file ./Default-Landscape@2x.png ... 
2022-05-01 06:57:05 +0000  32935 bytes for ./Default-Landscape@2x.png
2022-05-01 06:57:05 +0000  copying file ./System.Web.Services.aotdata.arm64 ... 
2022-05-01 06:57:05 +0000  18344 bytes for ./System.Web.Services.aotdata.arm64
2022-05-01 06:57:05 +0000  copying file ./SkiaSharp.dll ... 
2022-05-01 06:57:05 +0000  56320 bytes for ./SkiaSharp.dll
2022-05-01 06:57:05 +0000  copying file ./System.Net.Http.aotdata.arm64 ... 
2022-05-01 06:57:05 +0000  187928 bytes for ./System.Net.Http.aotdata.arm64
2022-05-01 06:57:05 +0000  copying file ./icon_play_bl_light.png ... 
2022-05-01 06:57:05 +0000  490 bytes for ./icon_play_bl_light.png
2022-05-01 06:57:05 +0000  copying file ./icon_add_list_bk@3x.png ... 
2022-05-01 06:57:05 +0000  1510 bytes for ./icon_add_list_bk@3x.png
2022-05-01 06:57:05 +0000  copying file ./icon_play_bl_dark.png ... 
2022-05-01 06:57:05 +0000  514 bytes for ./icon_play_bl_dark.png
2022-05-01 06:57:05 +0000  copying file ./Default-Portrait.png ... 
2022-05-01 06:57:05 +0000  15951 bytes for ./Default-Portrait.png
2022-05-01 06:57:05 +0000  copying file ./icon_play_pk_dark.png ... 
2022-05-01 06:57:05 +0000  364 bytes for ./icon_play_pk_dark.png
2022-05-01 06:57:05 +0000  copying file ./icon_shuffle_pk_light@3x.png ... 
2022-05-01 06:57:05 +0000  2238 bytes for ./icon_shuffle_pk_light@3x.png
2022-05-01 06:57:05 +0000  copying file ./icon_playnext_bk.png ... 
2022-05-01 06:57:05 +0000  396 bytes for ./icon_playnext_bk.png
2022-05-01 06:57:05 +0000  copying file ./SvgImageSource.dll ... 
2022-05-01 06:57:05 +0000  11776 bytes for ./SvgImageSource.dll
2022-05-01 06:57:05 +0000  copying file ./Default@2x.png ... 
2022-05-01 06:57:05 +0000  12741 bytes for ./Default@2x.png
2022-05-01 06:57:05 +0000  copying file ./AppIcon60x60@2x.png ... 
2022-05-01 06:57:05 +0000  3208 bytes for ./AppIcon60x60@2x.png
2022-05-01 06:57:05 +0000  copying file ./ja/Xamarin.Forms.Platform.iOS.resources.dll ... 
2022-05-01 06:57:05 +0000  13176 bytes for ./ja/Xamarin.Forms.Platform.iOS.resources.dll
2022-05-01 06:57:05 +0000  copying file ./el/Xamarin.Forms.Platform.iOS.resources.dll ... 
2022-05-01 06:57:05 +0000  14256 bytes for ./el/Xamarin.Forms.Platform.iOS.resources.dll
2022-05-01 06:57:05 +0000  copying file ./System.Runtime.Serialization.dll ... 
2022-05-01 06:57:05 +0000  226304 bytes for ./System.Runtime.Serialization.dll
2022-05-01 06:57:05 +0000  copying file ./Xamarin.Forms.Platform.iOS.aotdata.arm64 ... 
2022-05-01 06:57:05 +0000  457808 bytes for ./Xamarin.Forms.Platform.iOS.aotdata.arm64
copying file ./DryIoc.aotdata.arm64 ... 
2022-05-01 06:57:05 +0000  613232 bytes for ./DryIoc.aotdata.arm64
2022-05-01 06:57:05 +0000  copying file ./icon_playnext_gy_dark@3x.png ... 
1612 bytes for ./icon_playnext_gy_dark@3x.png
copying file ./icon_pause_wh_20.png ... 
2022-05-01 06:57:05 +0000  334 bytes for ./icon_pause_wh_20.png
2022-05-01 06:57:05 +0000  copying file ./icon_album_wh@2x.png ... 
2022-05-01 06:57:05 +0000  1826 bytes for ./icon_album_wh@2x.png
2022-05-01 06:57:05 +0000  copying file ./it/Xamarin.Forms.Platform.iOS.resources.dll ... 
2022-05-01 06:57:05 +0000  13176 bytes for ./it/Xamarin.Forms.Platform.iOS.resources.dll
2022-05-01 06:57:05 +0000  copying file ./ca/Xamarin.Forms.Platform.iOS.resources.dll ... 
2022-05-01 06:57:05 +0000  14256 bytes for ./ca/Xamarin.Forms.Platform.iOS.resources.dll
2022-05-01 06:57:05 +0000  copying file ./cs/Xamarin.Forms.Platform.iOS.resources.dll ... 
2022-05-01 06:57:05 +0000  14256 bytes for ./cs/Xamarin.Forms.Platform.iOS.resources.dll
2022-05-01 06:57:05 +0000  copying file ./Xamarin.Forms.Core.dll ... 
2022-05-01 06:57:05 +0000  778240 bytes for ./Xamarin.Forms.Core.dll
copying file ./icon_play_bl_dark@3x.png ... 
2022-05-01 06:57:05 +0000  1310 bytes for ./icon_play_bl_dark@3x.png
copying file ./Xamarin.Forms.Core.aotdata.arm64 ... 
2022-05-01 06:57:05 +0000  784728 bytes for ./Xamarin.Forms.Core.aotdata.arm64
2022-05-01 06:57:05 +0000  copying file ./icon_playnext_wh.png ... 
616 bytes for ./icon_playnext_wh.png
copying file ./icon_shuffle_pk_light.png ... 
2022-05-01 06:57:05 +0000  659 bytes for ./icon_shuffle_pk_light.png
copying file ./icon_play_bl_dark@2x.png ... 
2022-05-01 06:57:05 +0000  912 bytes for ./icon_play_bl_dark@2x.png
2022-05-01 06:57:05 +0000  copying file ./ru/Xamarin.Forms.Platform.iOS.resources.dll ... 
2022-05-01 06:57:05 +0000  13176 bytes for ./ru/Xamarin.Forms.Platform.iOS.resources.dll
2022-05-01 06:57:05 +0000  copying file ./icon_search@2x.png ... 
2022-05-01 06:57:05 +0000  724 bytes for ./icon_search@2x.png
2022-05-01 06:57:05 +0000  copying file ./Prism.DryIoc.Forms.aotdata.arm64 ... 
2022-05-01 06:57:05 +0000  16216 bytes for ./Prism.DryIoc.Forms.aotdata.arm64
2022-05-01 06:57:05 +0000  copying file ./icon_album_wh@3x.png ... 
2022-05-01 06:57:05 +0000  2225 bytes for ./icon_album_wh@3x.png
2022-05-01 06:57:05 +0000  copying file ./icon_album_wh.png ... 
2022-05-01 06:57:05 +0000  1010 bytes for ./icon_album_wh.png
2022-05-01 06:57:05 +0000  copying file ./Default-Landscape.png ... 
2022-05-01 06:57:05 +0000  16133 bytes for ./Default-Landscape.png
2022-05-01 06:57:05 +0000  copying file ./icon_playnext_gy_dark@2x.png ... 
2022-05-01 06:57:05 +0000  1122 bytes for ./icon_playnext_gy_dark@2x.png
2022-05-01 06:57:05 +0000  copying file ./Xamarin.Forms.Platform.aotdata.arm64 ... 
2022-05-01 06:57:05 +0000  2256 bytes for ./Xamarin.Forms.Platform.aotdata.arm64
2022-05-01 06:57:05 +0000  copying file ./icon_album_bk.png ... 
2022-05-01 06:57:05 +0000  566 bytes for ./icon_album_bk.png
2022-05-01 06:57:05 +0000  copying file ./BSE.Tunes.XApp.aotdata.arm64 ... 
2022-05-01 06:57:05 +0000  207328 bytes for ./BSE.Tunes.XApp.aotdata.arm64
2022-05-01 06:57:05 +0000  copying file ./mscorlib.dll ... 
2022-05-01 06:57:05 +0000  1073664 bytes for ./mscorlib.dll
2022-05-01 06:57:05 +0000  copying file ./BSE.Tunes.XApp.dll ... 
189440 bytes for ./BSE.Tunes.XApp.dll
copying file ./ro/Xamarin.Forms.Platform.iOS.resources.dll ... 
2022-05-01 06:57:05 +0000  14256 bytes for ./ro/Xamarin.Forms.Platform.iOS.resources.dll
2022-05-01 06:57:05 +0000  copying file ./Default-736h@3x.png ... 
2022-05-01 06:57:05 +0000  32146 bytes for ./Default-736h@3x.png
2022-05-01 06:57:05 +0000  copying file ./icon_shuffle_pk_dark.png ... 
2022-05-01 06:57:05 +0000  662 bytes for ./icon_shuffle_pk_dark.png
2022-05-01 06:57:05 +0000  copying file ./BSE.Tunes.XApp.iOS.aotdata.arm64 ... 
2022-05-01 06:57:05 +0000  26280 bytes for ./BSE.Tunes.XApp.iOS.aotdata.arm64
copying file ./icon_play_bk_20.png ... 
2022-05-01 06:57:05 +0000  299 bytes for ./icon_play_bk_20.png
2022-05-01 06:57:05 +0000  copying file ./archived-expanded-entitlements.xcent ... 
2022-05-01 06:57:05 +0000  181 bytes for ./archived-expanded-entitlements.xcent
2022-05-01 06:57:05 +0000  copying file ./icon_shuffle_pk_dark@3x.png ... 
2022-05-01 06:57:05 +0000  2259 bytes for ./icon_shuffle_pk_dark@3x.png
2022-05-01 06:57:05 +0000  copying file ./icon_playnext_wh@3x.png ... 
2022-05-01 06:57:05 +0000  1472 bytes for ./icon_playnext_wh@3x.png
2022-05-01 06:57:05 +0000  copying file ./DryIoc.dll ... 
2022-05-01 06:57:05 +0000  294912 bytes for ./DryIoc.dll
2022-05-01 06:57:05 +0000  copying file ./icon_pause_wh_20@2x.png ... 
2022-05-01 06:57:05 +0000  501 bytes for ./icon_pause_wh_20@2x.png
2022-05-01 06:57:05 +0000  copying file ./icon_playnext_gy_light@3x.png ... 
2022-05-01 06:57:05 +0000  1607 bytes for ./icon_playnext_gy_light@3x.png
2022-05-01 06:57:05 +0000  copying file ./System.aotdata.arm64 ... 
2022-05-01 06:57:05 +0000  446456 bytes for ./System.aotdata.arm64
2022-05-01 06:57:05 +0000  copying file ./icon_pause_bk_20@2x.png ... 
2022-05-01 06:57:05 +0000  355 bytes for ./icon_pause_bk_20@2x.png
copying file ./SkiaSharp.aotdata.arm64 ... 
2022-05-01 06:57:05 +0000  79520 bytes for ./SkiaSharp.aotdata.arm64
2022-05-01 06:57:05 +0000  copying file ./pt/Xamarin.Forms.Platform.iOS.resources.dll ... 
2022-05-01 06:57:05 +0000  14248 bytes for ./pt/Xamarin.Forms.Platform.iOS.resources.dll
2022-05-01 06:57:05 +0000  copying file ./icon_play_bk_20@3x.png ... 
2022-05-01 06:57:05 +0000  702 bytes for ./icon_play_bk_20@3x.png
2022-05-01 06:57:05 +0000  copying file ./System.Data.aotdata.arm64 ... 
2022-05-01 06:57:05 +0000  158368 bytes for ./System.Data.aotdata.arm64
2022-05-01 06:57:05 +0000  copying file ./icon_add_list_wh@3x.png ... 
2022-05-01 06:57:05 +0000  2471 bytes for ./icon_add_list_wh@3x.png
2022-05-01 06:57:05 +0000  copying file ./Xamarin.Forms.Xaml.dll ... 
2022-05-01 06:57:05 +0000  66048 bytes for ./Xamarin.Forms.Xaml.dll
2022-05-01 06:57:05 +0000  copying file ./FFImageLoading.Forms.aotdata.arm64 ... 
2022-05-01 06:57:05 +0000  20464 bytes for ./FFImageLoading.Forms.aotdata.arm64
2022-05-01 06:57:05 +0000  copying file ./uk/Xamarin.Forms.Platform.iOS.resources.dll ... 
2022-05-01 06:57:05 +0000  14256 bytes for ./uk/Xamarin.Forms.Platform.iOS.resources.dll
2022-05-01 06:57:05 +0000  copying file ./Default-568h@2x.png ... 
2022-05-01 06:57:05 +0000  13177 bytes for ./Default-568h@2x.png
2022-05-01 06:57:05 +0000  copying file ./Assets.car ... 
2022-05-01 06:57:05 +0000  129903 bytes for ./Assets.car
2022-05-01 06:57:05 +0000  copying file ./BSE.Tunes.XApp.iOS.exe ... 
2022-05-01 06:57:05 +0000  26624 bytes for ./BSE.Tunes.XApp.iOS.exe
2022-05-01 06:57:05 +0000  copying file ./icon_play_gy_light_20@2x.png ... 
2022-05-01 06:57:05 +0000  756 bytes for ./icon_play_gy_light_20@2x.png
2022-05-01 06:57:05 +0000  copying file ./icon_play_wh_20@3x.png ... 
2022-05-01 06:57:05 +0000  1017 bytes for ./icon_play_wh_20@3x.png
2022-05-01 06:57:05 +0000  copying file ./icon_delete_bk@3x.png ... 
2022-05-01 06:57:05 +0000  856 bytes for ./icon_delete_bk@3x.png
2022-05-01 06:57:05 +0000  copying file ./AppIcon76x76@2x~ipad.png ... 
2022-05-01 06:57:05 +0000  3128 bytes for ./AppIcon76x76@2x~ipad.png
2022-05-01 06:57:05 +0000  copying file ./icon_delete_bk@2x.png ... 
2022-05-01 06:57:05 +0000  523 bytes for ./icon_delete_bk@2x.png
2022-05-01 06:57:05 +0000  copying file ./Prism.Forms.aotdata.arm64 ... 
2022-05-01 06:57:05 +0000  87704 bytes for ./Prism.Forms.aotdata.arm64
2022-05-01 06:57:05 +0000  copying file ./icon_play_wh_20@2x.png ... 
2022-05-01 06:57:05 +0000  726 bytes for ./icon_play_wh_20@2x.png
2022-05-01 06:57:05 +0000  copying file ./System.ServiceModel.Internals.dll ... 
2022-05-01 06:57:05 +0000  25600 bytes for ./System.ServiceModel.Internals.dll
2022-05-01 06:57:05 +0000  copying file ./Xamarin.Forms.Platform.iOS.dll ... 
2022-05-01 06:57:05 +0000  340992 bytes for ./Xamarin.Forms.Platform.iOS.dll
2022-05-01 06:57:05 +0000  copying file ./icon_play_gy_light_20@3x.png ... 
2022-05-01 06:57:05 +0000  1105 bytes for ./icon_play_gy_light_20@3x.png
2022-05-01 06:57:05 +0000  copying file ./Newtonsoft.Json.dll ... 
2022-05-01 06:57:05 +0000  403456 bytes for ./Newtonsoft.Json.dll
2022-05-01 06:57:05 +0000  copying file ./mscorlib.aotdata.arm64 ... 
2022-05-01 06:57:05 +0000  909720 bytes for ./mscorlib.aotdata.arm64
2022-05-01 06:57:05 +0000  copying file ./System.Web.Services.dll ... 
72192 bytes for ./System.Web.Services.dll
copying file ./icon_add_list_wh@2x.png ... 
1193 bytes for ./icon_add_list_wh@2x.png
copying file ./ar/Xamarin.Forms.Platform.iOS.resources.dll ... 
2022-05-01 06:57:05 +0000  13176 bytes for ./ar/Xamarin.Forms.Platform.iOS.resources.dll
2022-05-01 06:57:05 +0000  copying file ./icon_play_bk_20@2x.png ... 
2022-05-01 06:57:05 +0000  465 bytes for ./icon_play_bk_20@2x.png
copying file ./icon_home@2x.png ... 
2022-05-01 06:57:05 +0000  453 bytes for ./icon_home@2x.png
2022-05-01 06:57:05 +0000  copying file ./hr/Xamarin.Forms.Platform.iOS.resources.dll ... 
2022-05-01 06:57:05 +0000  13176 bytes for ./hr/Xamarin.Forms.Platform.iOS.resources.dll
2022-05-01 06:57:05 +0000  copying file ./pt-BR/Xamarin.Forms.Platform.iOS.resources.dll ... 
2022-05-01 06:57:05 +0000  14256 bytes for ./pt-BR/Xamarin.Forms.Platform.iOS.resources.dll
2022-05-01 06:57:05 +0000  copying file ./hu/Xamarin.Forms.Platform.iOS.resources.dll ... 
2022-05-01 06:57:05 +0000  14248 bytes for ./hu/Xamarin.Forms.Platform.iOS.resources.dll
2022-05-01 06:57:05 +0000  copying file ./nl/Xamarin.Forms.Platform.iOS.resources.dll ... 
2022-05-01 06:57:05 +0000  14256 bytes for ./nl/Xamarin.Forms.Platform.iOS.resources.dll
2022-05-01 06:57:05 +0000  copying file ./icon_pause_bk_20@3x.png ... 
2022-05-01 06:57:05 +0000  542 bytes for ./icon_pause_bk_20@3x.png
2022-05-01 06:57:05 +0000  copying file ./BSE.Tunes.XApp.iOS ... 
2022-05-01 06:57:05 +0000  31803104 bytes for ./BSE.Tunes.XApp.iOS
copying file ./Xamarin.Essentials.dll ... 
2022-05-01 06:57:05 +0000  15360 bytes for ./Xamarin.Essentials.dll
copying file ./Mono.Security.dll ... 
69632 bytes for ./Mono.Security.dll
copying file ./icon_play_gy_light_20.png ... 
444 bytes for ./icon_play_gy_light_20.png
copying file ./OpenTK-1.0.aotdata.arm64 ... 
24224 bytes for ./OpenTK-1.0.aotdata.arm64
copying file ./Prism.aotdata.arm64 ... 
76848 bytes for ./Prism.aotdata.arm64
copying file ./Launchscreen.storyboardc/222-view-223.nib ... 
2022-05-01 06:57:05 +0000  2726 bytes for ./Launchscreen.storyboardc/222-view-223.nib
2022-05-01 06:57:05 +0000  copying file ./Launchscreen.storyboardc/Info.plist ... 
2022-05-01 06:57:05 +0000  237 bytes for ./Launchscreen.storyboardc/Info.plist
2022-05-01 06:57:05 +0000  copying file ./Launchscreen.storyboardc/UIViewController-222.nib ... 
2022-05-01 06:57:05 +0000  882 bytes for ./Launchscreen.storyboardc/UIViewController-222.nib
2022-05-01 06:57:05 +0000  copying file ./nb/Xamarin.Forms.Platform.iOS.resources.dll ... 
2022-05-01 06:57:05 +0000  14256 bytes for ./nb/Xamarin.Forms.Platform.iOS.resources.dll
2022-05-01 06:57:05 +0000  copying file ./hi/Xamarin.Forms.Platform.iOS.resources.dll ... 
2022-05-01 06:57:05 +0000  14256 bytes for ./hi/Xamarin.Forms.Platform.iOS.resources.dll
2022-05-01 06:57:05 +0000  copying file ./Newtonsoft.Json.aotdata.arm64 ... 
2022-05-01 06:57:05 +0000  486248 bytes for ./Newtonsoft.Json.aotdata.arm64
2022-05-01 06:57:05 +0000  copying file ./de/BSE.Tunes.XApp.resources.dll ... 
2022-05-01 06:57:05 +0000  10752 bytes for ./de/BSE.Tunes.XApp.resources.dll
2022-05-01 06:57:05 +0000  copying file ./de/Xamarin.Forms.Platform.iOS.resources.dll ... 
2022-05-01 06:57:05 +0000  14256 bytes for ./de/Xamarin.Forms.Platform.iOS.resources.dll
2022-05-01 06:57:05 +0000  copying file ./System.Data.dll ... 
2022-05-01 06:57:05 +0000  333312 bytes for ./System.Data.dll
2022-05-01 06:57:05 +0000  copying file ./System.dll ... 
2022-05-01 06:57:05 +0000  495616 bytes for ./System.dll
2022-05-01 06:57:05 +0000  copying file ./Prism.DryIoc.Forms.dll ... 
12800 bytes for ./Prism.DryIoc.Forms.dll
copying file ./icon_playnext_gy_light@2x.png ... 
2022-05-01 06:57:05 +0000  1091 bytes for ./icon_playnext_gy_light@2x.png
2022-05-01 06:57:05 +0000  copying file ./icon_pause_wh_20@3x.png ... 
2022-05-01 06:57:05 +0000  686 bytes for ./icon_pause_wh_20@3x.png
2022-05-01 06:57:05 +0000  copying file ./icon_playnext_wh@2x.png ... 
2022-05-01 06:57:05 +0000  1054 bytes for ./icon_playnext_wh@2x.png
2022-05-01 06:57:05 +0000  copying file ./ko/Xamarin.Forms.Platform.iOS.resources.dll ... 
2022-05-01 06:57:05 +0000  14256 bytes for ./ko/Xamarin.Forms.Platform.iOS.resources.dll
2022-05-01 06:57:05 +0000  copying file ./icon_shuffle_pk_dark@2x.png ... 
2022-05-01 06:57:05 +0000  1085 bytes for ./icon_shuffle_pk_dark@2x.png
2022-05-01 06:57:05 +0000  copying file ./fi/Xamarin.Forms.Platform.iOS.resources.dll ... 
2022-05-01 06:57:05 +0000  14256 bytes for ./fi/Xamarin.Forms.Platform.iOS.resources.dll
2022-05-01 06:57:05 +0000  copying file ./icon_album_bk@3x.png ... 
2022-05-01 06:57:05 +0000  1379 bytes for ./icon_album_bk@3x.png
2022-05-01 06:57:05 +0000  copying file ./icon_play_pk_dark@3x.png ... 
2022-05-01 06:57:05 +0000  1340 bytes for ./icon_play_pk_dark@3x.png
2022-05-01 06:57:05 +0000  copying file ./icon_play_bl_light@2x.png ... 
2022-05-01 06:57:05 +0000  845 bytes for ./icon_play_bl_light@2x.png
2022-05-01 06:57:05 +0000  copying file ./id/Xamarin.Forms.Platform.iOS.resources.dll ... 
2022-05-01 06:57:05 +0000  14256 bytes for ./id/Xamarin.Forms.Platform.iOS.resources.dll
2022-05-01 06:57:05 +0000  copying file ./fr/Xamarin.Forms.Platform.iOS.resources.dll ... 
2022-05-01 06:57:05 +0000  14256 bytes for ./fr/Xamarin.Forms.Platform.iOS.resources.dll
2022-05-01 06:57:05 +0000  copying file ./SkiaSharp.Extended.Svg.aotdata.arm64 ... 
2022-05-01 06:57:05 +0000  40272 bytes for ./SkiaSharp.Extended.Svg.aotdata.arm64
2022-05-01 06:57:05 +0000  copying file ./icon_delete_bk.png ... 
2022-05-01 06:57:05 +0000  299 bytes for ./icon_delete_bk.png
2022-05-01 06:57:05 +0000  copying file ./es/Xamarin.Forms.Platform.iOS.resources.dll ... 
2022-05-01 06:57:05 +0000  13176 bytes for ./es/Xamarin.Forms.Platform.iOS.resources.dll
2022-05-01 06:57:05 +0000  copying file ./ic_menu.png ... 
2022-05-01 06:57:05 +0000  206 bytes for ./ic_menu.png
2022-05-01 06:57:05 +0000  copying file ./Mono.Security.aotdata.arm64 ... 
2022-05-01 06:57:05 +0000  21384 bytes for ./Mono.Security.aotdata.arm64
2022-05-01 06:57:05 +0000  copying file ./FFImageLoading.aotdata.arm64 ... 
2022-05-01 06:57:05 +0000  200224 bytes for ./FFImageLoading.aotdata.arm64
2022-05-01 06:57:05 +0000  copying file ./icon_play_wh@2x.png ... 
2022-05-01 06:57:05 +0000  598 bytes for ./icon_play_wh@2x.png
2022-05-01 06:57:05 +0000  copying file ./icon_delete_wh.png ... 
2022-05-01 06:57:05 +0000  366 bytes for ./icon_delete_wh.png
2022-05-01 06:57:05 +0000  copying file ./System.Runtime.Serialization.aotdata.arm64 ... 
2022-05-01 06:57:05 +0000  171096 bytes for ./System.Runtime.Serialization.aotdata.arm64
2022-05-01 06:57:05 +0000  copying file ./SkiaSharp.Extended.Svg.dll ... 
2022-05-01 06:57:05 +0000  26624 bytes for ./SkiaSharp.Extended.Svg.dll
2022-05-01 06:57:05 +0000  copying file ./System.Numerics.dll ... 
2022-05-01 06:57:05 +0000  17408 bytes for ./System.Numerics.dll
2022-05-01 06:57:05 +0000  copying file ./Frameworks/libSkiaSharp.framework/_CodeSignature/CodeResources ... 
2022-05-01 06:57:05 +0000  1798 bytes for ./Frameworks/libSkiaSharp.framework/_CodeSignature/CodeResources
2022-05-01 06:57:05 +0000  copying file ./Frameworks/libSkiaSharp.framework/libSkiaSharp ... 
2022-05-01 06:57:06 +0000  5148672 bytes for ./Frameworks/libSkiaSharp.framework/libSkiaSharp
copying file ./Frameworks/libSkiaSharp.framework/Info.plist ... 
2022-05-01 06:57:06 +0000  737 bytes for ./Frameworks/libSkiaSharp.framework/Info.plist
copying file ./SvgImageSource.iOS.dll ... 
5632 bytes for ./SvgImageSource.iOS.dll
copying file ./System.Xml.dll ... 
544768 bytes for ./System.Xml.dll
copying file ./icon_play_gy_dark_20@3x.png ... 
2022-05-01 06:57:06 +0000  1120 bytes for ./icon_play_gy_dark_20@3x.png
copying file ./icon_play_pk_light@3x.png ... 
1333 bytes for ./icon_play_pk_light@3x.png
copying file ./SvgImageSource.aotdata.arm64 ... 
2022-05-01 06:57:06 +0000  6608 bytes for ./SvgImageSource.aotdata.arm64
2022-05-01 06:57:06 +0000  copying file ./Xamarin.iOS.dll ... 
2022-05-01 06:57:06 +0000  568320 bytes for ./Xamarin.iOS.dll
copying file ./embedded.mobileprovision ... 
2022-05-01 06:57:06 +0000  12410 bytes for ./embedded.mobileprovision
copying file ./WebP.Touch.dll ... 
2022-05-01 06:57:06 +0000  5120 bytes for ./WebP.Touch.dll
2022-05-01 06:57:06 +0000  copying file ./Default-667h@2x.png ... 
2022-05-01 06:57:06 +0000  14251 bytes for ./Default-667h@2x.png
2022-05-01 06:57:06 +0000  copying file ./Default.png ... 
2022-05-01 06:57:06 +0000  5682 bytes for ./Default.png
2022-05-01 06:57:06 +0000  copying file ./Xamarin.Essentials.aotdata.arm64 ... 
2022-05-01 06:57:06 +0000  12672 bytes for ./Xamarin.Essentials.aotdata.arm64
2022-05-01 06:57:06 +0000  copying file ./icon_play_pk_light@2x.png ... 
2022-05-01 06:57:06 +0000  636 bytes for ./icon_play_pk_light@2x.png
2022-05-01 06:57:06 +0000  copying file ./zh-HK/Xamarin.Forms.Platform.iOS.resources.dll ... 
2022-05-01 06:57:06 +0000  14256 bytes for ./zh-HK/Xamarin.Forms.Platform.iOS.resources.dll
2022-05-01 06:57:06 +0000  copying file ./icon_shuffle_wh.png ... 
2022-05-01 06:57:06 +0000  626 bytes for ./icon_shuffle_wh.png
2022-05-01 06:57:06 +0000  copying file ./icon_play_gy_dark_20@2x.png ... 
2022-05-01 06:57:06 +0000  774 bytes for ./icon_play_gy_dark_20@2x.png
2022-05-01 06:57:06 +0000  copying file ./icon_pause_bk_20.png ... 
2022-05-01 06:57:06 +0000  252 bytes for ./icon_pause_bk_20.png
2022-05-01 06:57:06 +0000  copying file ./Default-1125h.png ... 
2022-05-01 06:57:06 +0000  28970 bytes for ./Default-1125h.png
2022-05-01 06:57:06 +0000  copying file ./icon_play_pk_light.png ... 
2022-05-01 06:57:06 +0000  365 bytes for ./icon_play_pk_light.png
2022-05-01 06:57:06 +0000  copying file ./icon_play_wh.png ... 
2022-05-01 06:57:06 +0000  348 bytes for ./icon_play_wh.png
2022-05-01 06:57:06 +0000  copying file ./th/Xamarin.Forms.Platform.iOS.resources.dll ... 
2022-05-01 06:57:06 +0000  14248 bytes for ./th/Xamarin.Forms.Platform.iOS.resources.dll
copying file ./icon_add_list_wh.png ... 
2022-05-01 06:57:06 +0000  612 bytes for ./icon_add_list_wh.png
copying file ./icon_play_wh@3x.png ... 
2022-05-01 06:57:06 +0000  1251 bytes for ./icon_play_wh@3x.png
2022-05-01 06:57:06 +0000  copying file ./Info.plist ... 
2022-05-01 06:57:06 +0000  1747 bytes for ./Info.plist
2022-05-01 06:57:06 +0000  copying file ./Default-Landscape-X.png ... 
2022-05-01 06:57:06 +0000  31323 bytes for ./Default-Landscape-X.png
2022-05-01 06:57:06 +0000  copying file ./icon_add_list_bk.png ... 
2022-05-01 06:57:06 +0000  411 bytes for ./icon_add_list_bk.png
2022-05-01 06:57:06 +0000  copying file ./tr/Xamarin.Forms.Platform.iOS.resources.dll ... 
2022-05-01 06:57:06 +0000  14256 bytes for ./tr/Xamarin.Forms.Platform.iOS.resources.dll
2022-05-01 06:57:06 +0000  copying file ./FFImageLoading.dll ... 
2022-05-01 06:57:06 +0000  120832 bytes for ./FFImageLoading.dll
2022-05-01 06:57:06 +0000  copying file ./icon_playlists@2x.png ... 
2022-05-01 06:57:06 +0000  215 bytes for ./icon_playlists@2x.png
2022-05-01 06:57:06 +0000  copying file ./System.Core.dll ... 
2022-05-01 06:57:06 +0000  245248 bytes for ./System.Core.dll
2022-05-01 06:57:06 +0000  copying file ./Xamarin.Forms.Xaml.aotdata.arm64 ... 
2022-05-01 06:57:06 +0000  56576 bytes for ./Xamarin.Forms.Xaml.aotdata.arm64
2022-05-01 06:57:06 +0000  copying file ./OpenTK-1.0.dll.config ... 
2022-05-01 06:57:06 +0000  919 bytes for ./OpenTK-1.0.dll.config
2022-05-01 06:57:06 +0000  copying file ./Xamarin.Forms.Platform.dll ... 
2022-05-01 06:57:06 +0000  13312 bytes for ./Xamarin.Forms.Platform.dll
2022-05-01 06:57:06 +0000  copying file ./PkgInfo ... 
2022-05-01 06:57:06 +0000  8 bytes for ./PkgInfo
2022-05-01 06:57:06 +0000  copying file ./icon_play_bl_light@3x.png ... 
2022-05-01 06:57:06 +0000  1216 bytes for ./icon_play_bl_light@3x.png
2022-05-01 06:57:06 +0000  copying file ./icon_album_bk@2x.png ... 
2022-05-01 06:57:06 +0000  1016 bytes for ./icon_album_bk@2x.png
2022-05-01 06:57:06 +0000  copying file ./icon_play_pk_dark@2x.png ... 
2022-05-01 06:57:06 +0000  642 bytes for ./icon_play_pk_dark@2x.png
2022-05-01 06:57:06 +0000  copying file ./System.Drawing.Common.aotdata.arm64 ... 
2022-05-01 06:57:06 +0000  12280 bytes for ./System.Drawing.Common.aotdata.arm64
2022-05-01 06:57:06 +0000  copying file ./System.Drawing.Common.dll ... 
2022-05-01 06:57:06 +0000  22528 bytes for ./System.Drawing.Common.dll
2022-05-01 06:57:06 +0000  copying file ./System.Xml.aotdata.arm64 ... 
2022-05-01 06:57:06 +0000  359312 bytes for ./System.Xml.aotdata.arm64
2022-05-01 06:57:06 +0000  copying file ./icon_playnext_gy_dark.png ... 
2022-05-01 06:57:06 +0000  654 bytes for ./icon_playnext_gy_dark.png
2022-05-01 06:57:06 +0000  /usr/bin/ditto exited with 0
2022-05-01 06:57:06 +0000  Processing step: IDEDistributionEmbedProfileStep
2022-05-01 06:57:06 +0000  Skipping profile for item: <IDEDistributionItem: 0x7f817c452800; bundleID='xamarin.libskia-ios', path='<DVTFilePath:0x7f8196f25960:'/Users/macbookpro/Library/Developer/Xcode/Archives/2022-05-01/BSE.Tunes.XApp.iOS 5-01-22 8.53 AM.xcarchive/Products/Applications/BSE.Tunes.XApp.iOS.app/Frameworks/libSkiaSharp.framework'>', codeSigningInfo='<_DVTCodeSigningInformation_Path: 0x7f819716c320; isSigned='1', isAdHocSigned='0', signingCertificate='<DVTSigningCertificate: 0x7f8197646d60; name='iPhone Distribution: Uwe Eichkorn (98LH7BG9F6)', hash='53F8A79E6D3032B10C0CBA649DFCE070D21BC111', serialNumber='7F20F8FDB6E12B0D14C19EDC808EDB87', certificateKinds='(
    "1.2.840.113635.100.6.1.4"
), issueDate='2022-04-25 12:21:35 +0000''>', entitlements='(null)', teamID='98LH7BG9F6', identifier='xamarin.libskia-ios', executablePath='<DVTFilePath:0x7f8196f279a0:'/Users/macbookpro/Library/Developer/Xcode/Archives/2022-05-01/BSE.Tunes.XApp.iOS 5-01-22 8.53 AM.xcarchive/Products/Applications/BSE.Tunes.XApp.iOS.app/Frameworks/libSkiaSharp.framework/libSkiaSharp'>', hardenedRuntime='0'>'>
2022-05-01 06:57:06 +0000  Processing step: IDEDistributionInfoPlistStep
2022-05-01 06:57:06 +0000  Skipping step: IDEDistributionInfoPlistStep because it said so
2022-05-01 06:57:06 +0000  Skipping step: IDEDistributionInfoPlistStep because it said so
2022-05-01 06:57:06 +0000  Processing step: IDEDistributionAppThinningPlistStep
2022-05-01 06:57:06 +0000  Skipping step: IDEDistributionAppThinningPlistStep because it said so
2022-05-01 06:57:06 +0000  Processing step: IDEDistributionCompileBitcodeStep
2022-05-01 06:57:06 +0000  Skipping step: IDEDistributionCompileBitcodeStep because it said so
2022-05-01 06:57:06 +0000  Processing step: IDEDistributionCodeSlimmingStep
2022-05-01 06:57:06 +0000  Processing step: IDEDistributionCopyBCSymbolMapsStep
2022-05-01 06:57:06 +0000  Skipping step: IDEDistributionCopyBCSymbolMapsStep because it said so
2022-05-01 06:57:06 +0000  Skipping step: IDEDistributionCopyBCSymbolMapsStep because it said so
2022-05-01 06:57:06 +0000  Processing step: IDEDistributionSymbolsStep
2022-05-01 06:57:06 +0000  Skipping step: IDEDistributionSymbolsStep because it said so
2022-05-01 06:57:06 +0000  Skipping step: IDEDistributionSymbolsStep because it said so
2022-05-01 06:57:06 +0000  Processing step: IDEDistributionAppThinningStep
2022-05-01 06:57:06 +0000  Skipping step: IDEDistributionAppThinningStep because it said so
2022-05-01 06:57:06 +0000  Processing step: IDEDistributionArchThinningStep
2022-05-01 06:57:06 +0000  Running /Applications/Xcode.app/Contents/Developer/Toolchains/XcodeDefault.xctoolchain/usr/bin/lipo '/var/folders/6w/62l3y6z15q71hs2tbyjvns480000gn/T/XcodeDistPipeline.~~~zRico9/Root/Payload/BSE.Tunes.XApp.iOS.app/Frameworks/libSkiaSharp.framework/libSkiaSharp' '-verify_arch' 'arm64e'
2022-05-01 06:57:06 +0000  /Applications/Xcode.app/Contents/Developer/Toolchains/XcodeDefault.xctoolchain/usr/bin/lipo exited with 1
2022-05-01 06:57:06 +0000  Skipping architecture thinning for item "libSkiaSharp" because arch "arm64e" wasn't found
2022-05-01 06:57:06 +0000  Running /Applications/Xcode.app/Contents/Developer/Toolchains/XcodeDefault.xctoolchain/usr/bin/lipo '/var/folders/6w/62l3y6z15q71hs2tbyjvns480000gn/T/XcodeDistPipeline.~~~zRico9/Root/Payload/BSE.Tunes.XApp.iOS.app/BSE.Tunes.XApp.iOS' '-verify_arch' 'arm64e'
2022-05-01 06:57:06 +0000  /Applications/Xcode.app/Contents/Developer/Toolchains/XcodeDefault.xctoolchain/usr/bin/lipo exited with 1
2022-05-01 06:57:06 +0000  Skipping architecture thinning for item "BSE.Tunes.XApp.iOS" because arch "arm64e" wasn't found
2022-05-01 06:57:06 +0000  Processing step: IDEDistributionODRStep
2022-05-01 06:57:06 +0000  Processing step: IDEDistributionStripXattrsStep
2022-05-01 06:57:06 +0000  Skipping stripping extended attributes of item: <IDEDistributionItem: 0x7f817c452800; bundleID='xamarin.libskia-ios', path='<DVTFilePath:0x7f8196f25960:'/Users/macbookpro/Library/Developer/Xcode/Archives/2022-05-01/BSE.Tunes.XApp.iOS 5-01-22 8.53 AM.xcarchive/Products/Applications/BSE.Tunes.XApp.iOS.app/Frameworks/libSkiaSharp.framework'>', codeSigningInfo='<_DVTCodeSigningInformation_Path: 0x7f819716c320; isSigned='1', isAdHocSigned='0', signingCertificate='<DVTSigningCertificate: 0x7f81971ecce0; name='iPhone Distribution: Uwe Eichkorn (98LH7BG9F6)', hash='53F8A79E6D3032B10C0CBA649DFCE070D21BC111', serialNumber='7F20F8FDB6E12B0D14C19EDC808EDB87', certificateKinds='(
    "1.2.840.113635.100.6.1.4"
), issueDate='2022-04-25 12:21:35 +0000''>', entitlements='(null)', teamID='98LH7BG9F6', identifier='xamarin.libskia-ios', executablePath='<DVTFilePath:0x7f8196f279a0:'/Users/macbookpro/Library/Developer/Xcode/Archives/2022-05-01/BSE.Tunes.XApp.iOS 5-01-22 8.53 AM.xcarchive/Products/Applications/BSE.Tunes.XApp.iOS.app/Frameworks/libSkiaSharp.framework/libSkiaSharp'>', hardenedRuntime='0'>'>
2022-05-01 06:57:06 +0000  Running /usr/bin/xattr '-crs' '/var/folders/6w/62l3y6z15q71hs2tbyjvns480000gn/T/XcodeDistPipeline.~~~zRico9/Root/Payload/BSE.Tunes.XApp.iOS.app'
2022-05-01 06:57:06 +0000  /usr/bin/xattr exited with 0
2022-05-01 06:57:06 +0000  Processing step: IDEDistributionCodesignStep
2022-05-01 06:57:06 +0000  Entitlements for <IDEDistributionItem: 0x7f817c452800; bundleID='xamarin.libskia-ios', path='<DVTFilePath:0x7f8196f25960:'/Users/macbookpro/Library/Developer/Xcode/Archives/2022-05-01/BSE.Tunes.XApp.iOS 5-01-22 8.53 AM.xcarchive/Products/Applications/BSE.Tunes.XApp.iOS.app/Frameworks/libSkiaSharp.framework'>', codeSigningInfo='<_DVTCodeSigningInformation_Path: 0x7f819716c320; isSigned='1', isAdHocSigned='0', signingCertificate='<DVTSigningCertificate: 0x7f81971ecce0; name='iPhone Distribution: Uwe Eichkorn (98LH7BG9F6)', hash='53F8A79E6D3032B10C0CBA649DFCE070D21BC111', serialNumber='7F20F8FDB6E12B0D14C19EDC808EDB87', certificateKinds='(
    "1.2.840.113635.100.6.1.4"
), issueDate='2022-04-25 12:21:35 +0000''>', entitlements='(null)', teamID='98LH7BG9F6', identifier='xamarin.libskia-ios', executablePath='<DVTFilePath:0x7f8196f279a0:'/Users/macbookpro/Library/Developer/Xcode/Archives/2022-05-01/BSE.Tunes.XApp.iOS 5-01-22 8.53 AM.xcarchive/Products/Applications/BSE.Tunes.XApp.iOS.app/Frameworks/libSkiaSharp.framework/libSkiaSharp'>', hardenedRuntime='0'>'>: {
}
2022-05-01 06:57:06 +0000  Entitlements for <IDEDistributionItem: 0x7f817c452800; bundleID='xamarin.libskia-ios', path='<DVTFilePath:0x7f8196f25960:'/Users/macbookpro/Library/Developer/Xcode/Archives/2022-05-01/BSE.Tunes.XApp.iOS 5-01-22 8.53 AM.xcarchive/Products/Applications/BSE.Tunes.XApp.iOS.app/Frameworks/libSkiaSharp.framework'>', codeSigningInfo='<_DVTCodeSigningInformation_Path: 0x7f819716c320; isSigned='1', isAdHocSigned='0', signingCertificate='<DVTSigningCertificate: 0x7f81972aab20; name='iPhone Distribution: Uwe Eichkorn (98LH7BG9F6)', hash='53F8A79E6D3032B10C0CBA649DFCE070D21BC111', serialNumber='7F20F8FDB6E12B0D14C19EDC808EDB87', certificateKinds='(
    "1.2.840.113635.100.6.1.4"
), issueDate='2022-04-25 12:21:35 +0000''>', entitlements='(null)', teamID='98LH7BG9F6', identifier='xamarin.libskia-ios', executablePath='<DVTFilePath:0x7f8196f279a0:'/Users/macbookpro/Library/Developer/Xcode/Archives/2022-05-01/BSE.Tunes.XApp.iOS 5-01-22 8.53 AM.xcarchive/Products/Applications/BSE.Tunes.XApp.iOS.app/Frameworks/libSkiaSharp.framework/libSkiaSharp'>', hardenedRuntime='0'>'> are: {
}
2022-05-01 06:57:06 +0000  Writing entitlements for <IDEDistributionItem: 0x7f817c452800; bundleID='xamarin.libskia-ios', path='<DVTFilePath:0x7f8196f25960:'/Users/macbookpro/Library/Developer/Xcode/Archives/2022-05-01/BSE.Tunes.XApp.iOS 5-01-22 8.53 AM.xcarchive/Products/Applications/BSE.Tunes.XApp.iOS.app/Frameworks/libSkiaSharp.framework'>', codeSigningInfo='<_DVTCodeSigningInformation_Path: 0x7f819716c320; isSigned='1', isAdHocSigned='0', signingCertificate='<DVTSigningCertificate: 0x7f81977e70e0; name='iPhone Distribution: Uwe Eichkorn (98LH7BG9F6)', hash='53F8A79E6D3032B10C0CBA649DFCE070D21BC111', serialNumber='7F20F8FDB6E12B0D14C19EDC808EDB87', certificateKinds='(
    "1.2.840.113635.100.6.1.4"
), issueDate='2022-04-25 12:21:35 +0000''>', entitlements='(null)', teamID='98LH7BG9F6', identifier='xamarin.libskia-ios', executablePath='<DVTFilePath:0x7f8196f279a0:'/Users/macbookpro/Library/Developer/Xcode/Archives/2022-05-01/BSE.Tunes.XApp.iOS 5-01-22 8.53 AM.xcarchive/Products/Applications/BSE.Tunes.XApp.iOS.app/Frameworks/libSkiaSharp.framework/libSkiaSharp'>', hardenedRuntime='0'>'> to: /var/folders/6w/62l3y6z15q71hs2tbyjvns480000gn/T/XcodeDistPipeline.~~~zRico9/entitlements~~~nmiU5P
2022-05-01 06:57:06 +0000  Running /usr/bin/codesign '-vvv' '--force' '--sign' '53F8A79E6D3032B10C0CBA649DFCE070D21BC111' '--entitlements' '/var/folders/6w/62l3y6z15q71hs2tbyjvns480000gn/T/XcodeDistPipeline.~~~zRico9/entitlements~~~nmiU5P' '--generate-entitlement-der' '--preserve-metadata=identifier,flags,runtime' '/var/folders/6w/62l3y6z15q71hs2tbyjvns480000gn/T/XcodeDistPipeline.~~~zRico9/Root/Payload/BSE.Tunes.XApp.iOS.app/Frameworks/libSkiaSharp.framework'
2022-05-01 06:57:06 +0000  /var/folders/6w/62l3y6z15q71hs2tbyjvns480000gn/T/XcodeDistPipeline.~~~zRico9/Root/Payload/BSE.Tunes.XApp.iOS.app/Frameworks/libSkiaSharp.framework: replacing existing signature
2022-05-01 06:57:06 +0000  /var/folders/6w/62l3y6z15q71hs2tbyjvns480000gn/T/XcodeDistPipeline.~~~zRico9/Root/Payload/BSE.Tunes.XApp.iOS.app/Frameworks/libSkiaSharp.framework: signed bundle with Mach-O thin (arm64) [xamarin.libskia-ios]
2022-05-01 06:57:06 +0000  /usr/bin/codesign exited with 0
2022-05-01 06:57:06 +0000  Entitlements for <IDEDistributionItem: 0x7f81961f7460; bundleID='com.bsetunes.xapp', path='<DVTFilePath:0x7f81975f2710:'/Users/macbookpro/Library/Developer/Xcode/Archives/2022-05-01/BSE.Tunes.XApp.iOS 5-01-22 8.53 AM.xcarchive/Products/Applications/BSE.Tunes.XApp.iOS.app'>', codeSigningInfo='<_DVTCodeSigningInformation_Path: 0x7f817c420950; isSigned='1', isAdHocSigned='0', signingCertificate='<DVTSigningCertificate: 0x7f817c458bd0; name='iPhone Distribution: Uwe Eichkorn (98LH7BG9F6)', hash='53F8A79E6D3032B10C0CBA649DFCE070D21BC111', serialNumber='7F20F8FDB6E12B0D14C19EDC808EDB87', certificateKinds='(
    "1.2.840.113635.100.6.1.4"
), issueDate='2022-04-25 12:21:35 +0000''>', entitlements='{
    "application-identifier" = "98LH7BG9F6.com.bsetunes.xapp";
    "com.apple.developer.team-identifier" = 98LH7BG9F6;
    "get-task-allow" = 0;
}', teamID='98LH7BG9F6', identifier='com.bsetunes.xapp', executablePath='<DVTFilePath:0x7f81972d61c0:'/Users/macbookpro/Library/Developer/Xcode/Archives/2022-05-01/BSE.Tunes.XApp.iOS 5-01-22 8.53 AM.xcarchive/Products/Applications/BSE.Tunes.XApp.iOS.app/BSE.Tunes.XApp.iOS'>', hardenedRuntime='0'>'>: {
    "application-identifier" = "98LH7BG9F6.com.bsetunes.xapp";
    "com.apple.developer.team-identifier" = 98LH7BG9F6;
    "get-task-allow" = 0;
}
2022-05-01 06:57:06 +0000  Entitlements for <IDEDistributionItem: 0x7f81961f7460; bundleID='com.bsetunes.xapp', path='<DVTFilePath:0x7f81975f2710:'/Users/macbookpro/Library/Developer/Xcode/Archives/2022-05-01/BSE.Tunes.XApp.iOS 5-01-22 8.53 AM.xcarchive/Products/Applications/BSE.Tunes.XApp.iOS.app'>', codeSigningInfo='<_DVTCodeSigningInformation_Path: 0x7f817c420950; isSigned='1', isAdHocSigned='0', signingCertificate='<DVTSigningCertificate: 0x7f817c4d0570; name='iPhone Distribution: Uwe Eichkorn (98LH7BG9F6)', hash='53F8A79E6D3032B10C0CBA649DFCE070D21BC111', serialNumber='7F20F8FDB6E12B0D14C19EDC808EDB87', certificateKinds='(
    "1.2.840.113635.100.6.1.4"
), issueDate='2022-04-25 12:21:35 +0000''>', entitlements='{
    "application-identifier" = "98LH7BG9F6.com.bsetunes.xapp";
    "com.apple.developer.team-identifier" = 98LH7BG9F6;
    "get-task-allow" = 0;
}', teamID='98LH7BG9F6', identifier='com.bsetunes.xapp', executablePath='<DVTFilePath:0x7f81972d61c0:'/Users/macbookpro/Library/Developer/Xcode/Archives/2022-05-01/BSE.Tunes.XApp.iOS 5-01-22 8.53 AM.xcarchive/Products/Applications/BSE.Tunes.XApp.iOS.app/BSE.Tunes.XApp.iOS'>', hardenedRuntime='0'>'> are: {
    "application-identifier" = "98LH7BG9F6.com.bsetunes.xapp";
    "com.apple.developer.team-identifier" = 98LH7BG9F6;
    "get-task-allow" = 0;
}
2022-05-01 06:57:06 +0000  Writing entitlements for <IDEDistributionItem: 0x7f81961f7460; bundleID='com.bsetunes.xapp', path='<DVTFilePath:0x7f81975f2710:'/Users/macbookpro/Library/Developer/Xcode/Archives/2022-05-01/BSE.Tunes.XApp.iOS 5-01-22 8.53 AM.xcarchive/Products/Applications/BSE.Tunes.XApp.iOS.app'>', codeSigningInfo='<_DVTCodeSigningInformation_Path: 0x7f817c420950; isSigned='1', isAdHocSigned='0', signingCertificate='<DVTSigningCertificate: 0x7f817c488c30; name='iPhone Distribution: Uwe Eichkorn (98LH7BG9F6)', hash='53F8A79E6D3032B10C0CBA649DFCE070D21BC111', serialNumber='7F20F8FDB6E12B0D14C19EDC808EDB87', certificateKinds='(
    "1.2.840.113635.100.6.1.4"
), issueDate='2022-04-25 12:21:35 +0000''>', entitlements='{
    "application-identifier" = "98LH7BG9F6.com.bsetunes.xapp";
    "com.apple.developer.team-identifier" = 98LH7BG9F6;
    "get-task-allow" = 0;
}', teamID='98LH7BG9F6', identifier='com.bsetunes.xapp', executablePath='<DVTFilePath:0x7f81972d61c0:'/Users/macbookpro/Library/Developer/Xcode/Archives/2022-05-01/BSE.Tunes.XApp.iOS 5-01-22 8.53 AM.xcarchive/Products/Applications/BSE.Tunes.XApp.iOS.app/BSE.Tunes.XApp.iOS'>', hardenedRuntime='0'>'> to: /var/folders/6w/62l3y6z15q71hs2tbyjvns480000gn/T/XcodeDistPipeline.~~~zRico9/entitlements~~~eQnDwQ
2022-05-01 06:57:06 +0000  Running /usr/bin/codesign '-vvv' '--force' '--sign' '53F8A79E6D3032B10C0CBA649DFCE070D21BC111' '--entitlements' '/var/folders/6w/62l3y6z15q71hs2tbyjvns480000gn/T/XcodeDistPipeline.~~~zRico9/entitlements~~~eQnDwQ' '--generate-entitlement-der' '--preserve-metadata=identifier,flags,runtime' '/var/folders/6w/62l3y6z15q71hs2tbyjvns480000gn/T/XcodeDistPipeline.~~~zRico9/Root/Payload/BSE.Tunes.XApp.iOS.app'
2022-05-01 06:57:06 +0000  /var/folders/6w/62l3y6z15q71hs2tbyjvns480000gn/T/XcodeDistPipeline.~~~zRico9/Root/Payload/BSE.Tunes.XApp.iOS.app: replacing existing signature
2022-05-01 06:57:07 +0000  /var/folders/6w/62l3y6z15q71hs2tbyjvns480000gn/T/XcodeDistPipeline.~~~zRico9/Root/Payload/BSE.Tunes.XApp.iOS.app: signed app bundle with Mach-O thin (arm64) [com.bsetunes.xapp]
2022-05-01 06:57:07 +0000  /usr/bin/codesign exited with 0
2022-05-01 06:57:07 +0000  Processing step: IDEDistributionZipODRItemStep
2022-05-01 06:57:07 +0000  Skipping step: IDEDistributionZipODRItemStep because it said so
2022-05-01 06:57:07 +0000  Skipping step: IDEDistributionZipODRItemStep because it said so
2022-05-01 06:57:07 +0000  Processing step: IDEDistributionCreateIPAStep
2022-05-01 06:57:07 +0000  Running /usr/bin/ditto '-V' '-c' '-k' '--norsrc' '/var/folders/6w/62l3y6z15q71hs2tbyjvns480000gn/T/XcodeDistPipeline.~~~zRico9/Root' '/var/folders/6w/62l3y6z15q71hs2tbyjvns480000gn/T/XcodeDistPipeline.~~~zRico9/Packages/BSE.Tunes.XApp.iOS.ipa'
2022-05-01 06:57:07 +0000  >>> Copying /var/folders/6w/62l3y6z15q71hs2tbyjvns480000gn/T/XcodeDistPipeline.~~~zRico9/Root 
2022-05-01 06:57:07 +0000  copying file ./Payload/BSE.Tunes.XApp.iOS.app/Prism.Forms.dll ... 
2022-05-01 06:57:07 +0000  85504 bytes for ./Payload/BSE.Tunes.XApp.iOS.app/Prism.Forms.dll
copying file ./Payload/BSE.Tunes.XApp.iOS.app/OpenTK-1.0.dll ... 
2022-05-01 06:57:07 +0000  68608 bytes for ./Payload/BSE.Tunes.XApp.iOS.app/OpenTK-1.0.dll
copying file ./Payload/BSE.Tunes.XApp.iOS.app/FFImageLoading.Platform.aotdata.arm64 ... 
2022-05-01 06:57:07 +0000  107704 bytes for ./Payload/BSE.Tunes.XApp.iOS.app/FFImageLoading.Platform.aotdata.arm64
2022-05-01 06:57:07 +0000  copying file ./Payload/BSE.Tunes.XApp.iOS.app/icon_shuffle_pk_light@2x.png ... 
2022-05-01 06:57:07 +0000  1065 bytes for ./Payload/BSE.Tunes.XApp.iOS.app/icon_shuffle_pk_light@2x.png
2022-05-01 06:57:07 +0000  copying file ./Payload/BSE.Tunes.XApp.iOS.app/_CodeSignature/CodeResources ... 
2022-05-01 06:57:07 +0000  52905 bytes for ./Payload/BSE.Tunes.XApp.iOS.app/_CodeSignature/CodeResources
2022-05-01 06:57:07 +0000  copying file ./Payload/BSE.Tunes.XApp.iOS.app/WebP.Touch.aotdata.arm64 ... 
2022-05-01 06:57:07 +0000  1400 bytes for ./Payload/BSE.Tunes.XApp.iOS.app/WebP.Touch.aotdata.arm64
2022-05-01 06:57:07 +0000  copying file ./Payload/BSE.Tunes.XApp.iOS.app/sk/Xamarin.Forms.Platform.iOS.resources.dll ... 
2022-05-01 06:57:07 +0000  14256 bytes for ./Payload/BSE.Tunes.XApp.iOS.app/sk/Xamarin.Forms.Platform.iOS.resources.dll
2022-05-01 06:57:07 +0000  copying file ./Payload/BSE.Tunes.XApp.iOS.app/FFImageLoading.Transformations.aotdata.arm64 ... 
2022-05-01 06:57:07 +0000  5792 bytes for ./Payload/BSE.Tunes.XApp.iOS.app/FFImageLoading.Transformations.aotdata.arm64
copying file ./Payload/BSE.Tunes.XApp.iOS.app/SvgImageSource.iOS.aotdata.arm64 ... 
2022-05-01 06:57:07 +0000  12208 bytes for ./Payload/BSE.Tunes.XApp.iOS.app/SvgImageSource.iOS.aotdata.arm64
copying file ./Payload/BSE.Tunes.XApp.iOS.app/icon_add_list_bk@2x.png ... 
2022-05-01 06:57:07 +0000  764 bytes for ./Payload/BSE.Tunes.XApp.iOS.app/icon_add_list_bk@2x.png
2022-05-01 06:57:07 +0000  copying file ./Payload/BSE.Tunes.XApp.iOS.app/zh-Hans/Xamarin.Forms.Platform.iOS.resources.dll ... 
2022-05-01 06:57:07 +0000  14256 bytes for ./Payload/BSE.Tunes.XApp.iOS.app/zh-Hans/Xamarin.Forms.Platform.iOS.resources.dll
2022-05-01 06:57:07 +0000  copying file ./Payload/BSE.Tunes.XApp.iOS.app/icon_playnext_gy_light.png ... 
2022-05-01 06:57:07 +0000  636 bytes for ./Payload/BSE.Tunes.XApp.iOS.app/icon_playnext_gy_light.png
2022-05-01 06:57:07 +0000  copying file ./Payload/BSE.Tunes.XApp.iOS.app/System.Xml.Linq.dll ... 
2022-05-01 06:57:07 +0000  24576 bytes for ./Payload/BSE.Tunes.XApp.iOS.app/System.Xml.Linq.dll
2022-05-01 06:57:07 +0000  copying file ./Payload/BSE.Tunes.XApp.iOS.app/zh-Hant/Xamarin.Forms.Platform.iOS.resources.dll ... 
2022-05-01 06:57:07 +0000  13176 bytes for ./Payload/BSE.Tunes.XApp.iOS.app/zh-Hant/Xamarin.Forms.Platform.iOS.resources.dll
2022-05-01 06:57:07 +0000  copying file ./Payload/BSE.Tunes.XApp.iOS.app/FFImageLoading.Transformations.dll ... 
2022-05-01 06:57:07 +0000  17408 bytes for ./Payload/BSE.Tunes.XApp.iOS.app/FFImageLoading.Transformations.dll
copying file ./Payload/BSE.Tunes.XApp.iOS.app/icon_delete_wh@2x.png ... 
2022-05-01 06:57:07 +0000  654 bytes for ./Payload/BSE.Tunes.XApp.iOS.app/icon_delete_wh@2x.png
copying file ./Payload/BSE.Tunes.XApp.iOS.app/icon_shuffle_wh@3x.png ... 
2022-05-01 06:57:07 +0000  2158 bytes for ./Payload/BSE.Tunes.XApp.iOS.app/icon_shuffle_wh@3x.png
copying file ./Payload/BSE.Tunes.XApp.iOS.app/System.Numerics.aotdata.arm64 ... 
2022-05-01 06:57:07 +0000  16800 bytes for ./Payload/BSE.Tunes.XApp.iOS.app/System.Numerics.aotdata.arm64
copying file ./Payload/BSE.Tunes.XApp.iOS.app/icon_album@2x.png ... 
2022-05-01 06:57:07 +0000  667 bytes for ./Payload/BSE.Tunes.XApp.iOS.app/icon_album@2x.png
copying file ./Payload/BSE.Tunes.XApp.iOS.app/FFImageLoading.Forms.dll ... 
2022-05-01 06:57:07 +0000  23552 bytes for ./Payload/BSE.Tunes.XApp.iOS.app/FFImageLoading.Forms.dll
2022-05-01 06:57:07 +0000  copying file ./Payload/BSE.Tunes.XApp.iOS.app/pl/Xamarin.Forms.Platform.iOS.resources.dll ... 
2022-05-01 06:57:07 +0000  14256 bytes for ./Payload/BSE.Tunes.XApp.iOS.app/pl/Xamarin.Forms.Platform.iOS.resources.dll
2022-05-01 06:57:07 +0000  copying file ./Payload/BSE.Tunes.XApp.iOS.app/icon_playnext_bk@2x.png ... 
2022-05-01 06:57:07 +0000  664 bytes for ./Payload/BSE.Tunes.XApp.iOS.app/icon_playnext_bk@2x.png
2022-05-01 06:57:07 +0000  copying file ./Payload/BSE.Tunes.XApp.iOS.app/Default-Portrait@2x.png ... 
2022-05-01 06:57:07 +0000  31001 bytes for ./Payload/BSE.Tunes.XApp.iOS.app/Default-Portrait@2x.png
2022-05-01 06:57:07 +0000  copying file ./Payload/BSE.Tunes.XApp.iOS.app/vi/Xamarin.Forms.Platform.iOS.resources.dll ... 
2022-05-01 06:57:07 +0000  14256 bytes for ./Payload/BSE.Tunes.XApp.iOS.app/vi/Xamarin.Forms.Platform.iOS.resources.dll
2022-05-01 06:57:07 +0000  copying file ./Payload/BSE.Tunes.XApp.iOS.app/System.Xml.Linq.aotdata.arm64 ... 
2022-05-01 06:57:07 +0000  9296 bytes for ./Payload/BSE.Tunes.XApp.iOS.app/System.Xml.Linq.aotdata.arm64
2022-05-01 06:57:07 +0000  copying file ./Payload/BSE.Tunes.XApp.iOS.app/sv/Xamarin.Forms.Platform.iOS.resources.dll ... 
2022-05-01 06:57:07 +0000  14256 bytes for ./Payload/BSE.Tunes.XApp.iOS.app/sv/Xamarin.Forms.Platform.iOS.resources.dll
2022-05-01 06:57:07 +0000  copying file ./Payload/BSE.Tunes.XApp.iOS.app/FFImageLoading.Forms.Platform.dll ... 
2022-05-01 06:57:07 +0000  12800 bytes for ./Payload/BSE.Tunes.XApp.iOS.app/FFImageLoading.Forms.Platform.dll
copying file ./Payload/BSE.Tunes.XApp.iOS.app/icon_play_gy_dark_20.png ... 
2022-05-01 06:57:07 +0000  454 bytes for ./Payload/BSE.Tunes.XApp.iOS.app/icon_play_gy_dark_20.png
2022-05-01 06:57:07 +0000  copying file ./Payload/BSE.Tunes.XApp.iOS.app/icon_chevron_right_d_gray@2x.png ... 
2022-05-01 06:57:07 +0000  549 bytes for ./Payload/BSE.Tunes.XApp.iOS.app/icon_chevron_right_d_gray@2x.png
2022-05-01 06:57:07 +0000  copying file ./Payload/BSE.Tunes.XApp.iOS.app/he/Xamarin.Forms.Platform.iOS.resources.dll ... 
2022-05-01 06:57:07 +0000  14256 bytes for ./Payload/BSE.Tunes.XApp.iOS.app/he/Xamarin.Forms.Platform.iOS.resources.dll
2022-05-01 06:57:07 +0000  copying file ./Payload/BSE.Tunes.XApp.iOS.app/ms/Xamarin.Forms.Platform.iOS.resources.dll ... 
2022-05-01 06:57:07 +0000  14256 bytes for ./Payload/BSE.Tunes.XApp.iOS.app/ms/Xamarin.Forms.Platform.iOS.resources.dll
2022-05-01 06:57:07 +0000  copying file ./Payload/BSE.Tunes.XApp.iOS.app/FFImageLoading.Forms.Platform.aotdata.arm64 ... 
2022-05-01 06:57:07 +0000  8016 bytes for ./Payload/BSE.Tunes.XApp.iOS.app/FFImageLoading.Forms.Platform.aotdata.arm64
copying file ./Payload/BSE.Tunes.XApp.iOS.app/System.Core.aotdata.arm64 ... 
2022-05-01 06:57:07 +0000  471128 bytes for ./Payload/BSE.Tunes.XApp.iOS.app/System.Core.aotdata.arm64
copying file ./Payload/BSE.Tunes.XApp.iOS.app/icon_play_wh_20.png ... 
2022-05-01 06:57:07 +0000  419 bytes for ./Payload/BSE.Tunes.XApp.iOS.app/icon_play_wh_20.png
copying file ./Payload/BSE.Tunes.XApp.iOS.app/icon_playnext_bk@3x.png ... 
2022-05-01 06:57:07 +0000  1015 bytes for ./Payload/BSE.Tunes.XApp.iOS.app/icon_playnext_bk@3x.png
copying file ./Payload/BSE.Tunes.XApp.iOS.app/BSE.Tunes.XApp.iOS.exe.config ... 
2022-05-01 06:57:07 +0000  423 bytes for ./Payload/BSE.Tunes.XApp.iOS.app/BSE.Tunes.XApp.iOS.exe.config
2022-05-01 06:57:07 +0000  copying file ./Payload/BSE.Tunes.XApp.iOS.app/Prism.dll ... 
2022-05-01 06:57:07 +0000  62976 bytes for ./Payload/BSE.Tunes.XApp.iOS.app/Prism.dll
copying file ./Payload/BSE.Tunes.XApp.iOS.app/System.Net.Http.dll ... 
2022-05-01 06:57:07 +0000  114688 bytes for ./Payload/BSE.Tunes.XApp.iOS.app/System.Net.Http.dll
copying file ./Payload/BSE.Tunes.XApp.iOS.app/Xamarin.iOS.aotdata.arm64 ... 
2022-05-01 06:57:07 +0000  291792 bytes for ./Payload/BSE.Tunes.XApp.iOS.app/Xamarin.iOS.aotdata.arm64
2022-05-01 06:57:07 +0000  copying file ./Payload/BSE.Tunes.XApp.iOS.app/da/Xamarin.Forms.Platform.iOS.resources.dll ... 
2022-05-01 06:57:07 +0000  14256 bytes for ./Payload/BSE.Tunes.XApp.iOS.app/da/Xamarin.Forms.Platform.iOS.resources.dll
2022-05-01 06:57:07 +0000  copying file ./Payload/BSE.Tunes.XApp.iOS.app/icon_settings@2x.png ... 
2022-05-01 06:57:07 +0000  795 bytes for ./Payload/BSE.Tunes.XApp.iOS.app/icon_settings@2x.png
copying file ./Payload/BSE.Tunes.XApp.iOS.app/System.ServiceModel.Internals.aotdata.arm64 ... 
2022-05-01 06:57:07 +0000  9968 bytes for ./Payload/BSE.Tunes.XApp.iOS.app/System.ServiceModel.Internals.aotdata.arm64
copying file ./Payload/BSE.Tunes.XApp.iOS.app/FFImageLoading.Platform.dll ... 
2022-05-01 06:57:07 +0000  49664 bytes for ./Payload/BSE.Tunes.XApp.iOS.app/FFImageLoading.Platform.dll
2022-05-01 06:57:07 +0000  copying file ./Payload/BSE.Tunes.XApp.iOS.app/icon_delete_wh@3x.png ... 
2022-05-01 06:57:07 +0000  1101 bytes for ./Payload/BSE.Tunes.XApp.iOS.app/icon_delete_wh@3x.png
2022-05-01 06:57:07 +0000  copying file ./Payload/BSE.Tunes.XApp.iOS.app/icon_shuffle_wh@2x.png ... 
2022-05-01 06:57:07 +0000  1054 bytes for ./Payload/BSE.Tunes.XApp.iOS.app/icon_shuffle_wh@2x.png
copying file ./Payload/BSE.Tunes.XApp.iOS.app/Default-Landscape@2x.png ... 
2022-05-01 06:57:07 +0000  32935 bytes for ./Payload/BSE.Tunes.XApp.iOS.app/Default-Landscape@2x.png
copying file ./Payload/BSE.Tunes.XApp.iOS.app/System.Web.Services.aotdata.arm64 ... 
2022-05-01 06:57:07 +0000  18344 bytes for ./Payload/BSE.Tunes.XApp.iOS.app/System.Web.Services.aotdata.arm64
copying file ./Payload/BSE.Tunes.XApp.iOS.app/SkiaSharp.dll ... 
2022-05-01 06:57:07 +0000  56320 bytes for ./Payload/BSE.Tunes.XApp.iOS.app/SkiaSharp.dll
copying file ./Payload/BSE.Tunes.XApp.iOS.app/System.Net.Http.aotdata.arm64 ... 
2022-05-01 06:57:07 +0000  187928 bytes for ./Payload/BSE.Tunes.XApp.iOS.app/System.Net.Http.aotdata.arm64
copying file ./Payload/BSE.Tunes.XApp.iOS.app/icon_play_bl_light.png ... 
2022-05-01 06:57:07 +0000  490 bytes for ./Payload/BSE.Tunes.XApp.iOS.app/icon_play_bl_light.png
2022-05-01 06:57:07 +0000  copying file ./Payload/BSE.Tunes.XApp.iOS.app/icon_add_list_bk@3x.png ... 
2022-05-01 06:57:07 +0000  1510 bytes for ./Payload/BSE.Tunes.XApp.iOS.app/icon_add_list_bk@3x.png
2022-05-01 06:57:07 +0000  copying file ./Payload/BSE.Tunes.XApp.iOS.app/icon_play_bl_dark.png ... 
2022-05-01 06:57:07 +0000  514 bytes for ./Payload/BSE.Tunes.XApp.iOS.app/icon_play_bl_dark.png
copying file ./Payload/BSE.Tunes.XApp.iOS.app/Default-Portrait.png ... 
2022-05-01 06:57:07 +0000  15951 bytes for ./Payload/BSE.Tunes.XApp.iOS.app/Default-Portrait.png
2022-05-01 06:57:07 +0000  copying file ./Payload/BSE.Tunes.XApp.iOS.app/icon_play_pk_dark.png ... 
2022-05-01 06:57:07 +0000  364 bytes for ./Payload/BSE.Tunes.XApp.iOS.app/icon_play_pk_dark.png
copying file ./Payload/BSE.Tunes.XApp.iOS.app/icon_shuffle_pk_light@3x.png ... 
2022-05-01 06:57:07 +0000  2238 bytes for ./Payload/BSE.Tunes.XApp.iOS.app/icon_shuffle_pk_light@3x.png
2022-05-01 06:57:07 +0000  copying file ./Payload/BSE.Tunes.XApp.iOS.app/icon_playnext_bk.png ... 
2022-05-01 06:57:07 +0000  396 bytes for ./Payload/BSE.Tunes.XApp.iOS.app/icon_playnext_bk.png
2022-05-01 06:57:07 +0000  copying file ./Payload/BSE.Tunes.XApp.iOS.app/SvgImageSource.dll ... 
2022-05-01 06:57:07 +0000  11776 bytes for ./Payload/BSE.Tunes.XApp.iOS.app/SvgImageSource.dll
2022-05-01 06:57:07 +0000  copying file ./Payload/BSE.Tunes.XApp.iOS.app/Default@2x.png ... 
2022-05-01 06:57:07 +0000  12741 bytes for ./Payload/BSE.Tunes.XApp.iOS.app/Default@2x.png
copying file ./Payload/BSE.Tunes.XApp.iOS.app/AppIcon60x60@2x.png ... 
2022-05-01 06:57:07 +0000  3208 bytes for ./Payload/BSE.Tunes.XApp.iOS.app/AppIcon60x60@2x.png
2022-05-01 06:57:07 +0000  copying file ./Payload/BSE.Tunes.XApp.iOS.app/ja/Xamarin.Forms.Platform.iOS.resources.dll ... 
2022-05-01 06:57:07 +0000  13176 bytes for ./Payload/BSE.Tunes.XApp.iOS.app/ja/Xamarin.Forms.Platform.iOS.resources.dll
2022-05-01 06:57:07 +0000  copying file ./Payload/BSE.Tunes.XApp.iOS.app/el/Xamarin.Forms.Platform.iOS.resources.dll ... 
2022-05-01 06:57:07 +0000  14256 bytes for ./Payload/BSE.Tunes.XApp.iOS.app/el/Xamarin.Forms.Platform.iOS.resources.dll
2022-05-01 06:57:07 +0000  copying file ./Payload/BSE.Tunes.XApp.iOS.app/System.Runtime.Serialization.dll ... 
2022-05-01 06:57:07 +0000  226304 bytes for ./Payload/BSE.Tunes.XApp.iOS.app/System.Runtime.Serialization.dll
copying file ./Payload/BSE.Tunes.XApp.iOS.app/Xamarin.Forms.Platform.iOS.aotdata.arm64 ... 
2022-05-01 06:57:07 +0000  457808 bytes for ./Payload/BSE.Tunes.XApp.iOS.app/Xamarin.Forms.Platform.iOS.aotdata.arm64
2022-05-01 06:57:07 +0000  copying file ./Payload/BSE.Tunes.XApp.iOS.app/DryIoc.aotdata.arm64 ... 
2022-05-01 06:57:07 +0000  613232 bytes for ./Payload/BSE.Tunes.XApp.iOS.app/DryIoc.aotdata.arm64
2022-05-01 06:57:07 +0000  copying file ./Payload/BSE.Tunes.XApp.iOS.app/icon_playnext_gy_dark@3x.png ... 
2022-05-01 06:57:07 +0000  1612 bytes for ./Payload/BSE.Tunes.XApp.iOS.app/icon_playnext_gy_dark@3x.png
copying file ./Payload/BSE.Tunes.XApp.iOS.app/icon_pause_wh_20.png ... 
2022-05-01 06:57:07 +0000  334 bytes for ./Payload/BSE.Tunes.XApp.iOS.app/icon_pause_wh_20.png
2022-05-01 06:57:07 +0000  copying file ./Payload/BSE.Tunes.XApp.iOS.app/icon_album_wh@2x.png ... 
2022-05-01 06:57:07 +0000  1826 bytes for ./Payload/BSE.Tunes.XApp.iOS.app/icon_album_wh@2x.png
2022-05-01 06:57:07 +0000  copying file ./Payload/BSE.Tunes.XApp.iOS.app/it/Xamarin.Forms.Platform.iOS.resources.dll ... 
2022-05-01 06:57:07 +0000  13176 bytes for ./Payload/BSE.Tunes.XApp.iOS.app/it/Xamarin.Forms.Platform.iOS.resources.dll
2022-05-01 06:57:07 +0000  copying file ./Payload/BSE.Tunes.XApp.iOS.app/ca/Xamarin.Forms.Platform.iOS.resources.dll ... 
2022-05-01 06:57:07 +0000  14256 bytes for ./Payload/BSE.Tunes.XApp.iOS.app/ca/Xamarin.Forms.Platform.iOS.resources.dll
2022-05-01 06:57:07 +0000  copying file ./Payload/BSE.Tunes.XApp.iOS.app/cs/Xamarin.Forms.Platform.iOS.resources.dll ... 
2022-05-01 06:57:07 +0000  14256 bytes for ./Payload/BSE.Tunes.XApp.iOS.app/cs/Xamarin.Forms.Platform.iOS.resources.dll
2022-05-01 06:57:07 +0000  copying file ./Payload/BSE.Tunes.XApp.iOS.app/Xamarin.Forms.Core.dll ... 
2022-05-01 06:57:07 +0000  778240 bytes for ./Payload/BSE.Tunes.XApp.iOS.app/Xamarin.Forms.Core.dll
copying file ./Payload/BSE.Tunes.XApp.iOS.app/icon_play_bl_dark@3x.png ... 
2022-05-01 06:57:07 +0000  1310 bytes for ./Payload/BSE.Tunes.XApp.iOS.app/icon_play_bl_dark@3x.png
copying file ./Payload/BSE.Tunes.XApp.iOS.app/Xamarin.Forms.Core.aotdata.arm64 ... 
2022-05-01 06:57:07 +0000  784728 bytes for ./Payload/BSE.Tunes.XApp.iOS.app/Xamarin.Forms.Core.aotdata.arm64
2022-05-01 06:57:07 +0000  copying file ./Payload/BSE.Tunes.XApp.iOS.app/icon_playnext_wh.png ... 
2022-05-01 06:57:07 +0000  616 bytes for ./Payload/BSE.Tunes.XApp.iOS.app/icon_playnext_wh.png
copying file ./Payload/BSE.Tunes.XApp.iOS.app/icon_shuffle_pk_light.png ... 
2022-05-01 06:57:07 +0000  659 bytes for ./Payload/BSE.Tunes.XApp.iOS.app/icon_shuffle_pk_light.png
2022-05-01 06:57:07 +0000  copying file ./Payload/BSE.Tunes.XApp.iOS.app/icon_play_bl_dark@2x.png ... 
2022-05-01 06:57:07 +0000  912 bytes for ./Payload/BSE.Tunes.XApp.iOS.app/icon_play_bl_dark@2x.png
2022-05-01 06:57:07 +0000  copying file ./Payload/BSE.Tunes.XApp.iOS.app/ru/Xamarin.Forms.Platform.iOS.resources.dll ... 
2022-05-01 06:57:07 +0000  13176 bytes for ./Payload/BSE.Tunes.XApp.iOS.app/ru/Xamarin.Forms.Platform.iOS.resources.dll
2022-05-01 06:57:07 +0000  copying file ./Payload/BSE.Tunes.XApp.iOS.app/icon_search@2x.png ... 
2022-05-01 06:57:07 +0000  724 bytes for ./Payload/BSE.Tunes.XApp.iOS.app/icon_search@2x.png
copying file ./Payload/BSE.Tunes.XApp.iOS.app/Prism.DryIoc.Forms.aotdata.arm64 ... 
2022-05-01 06:57:07 +0000  16216 bytes for ./Payload/BSE.Tunes.XApp.iOS.app/Prism.DryIoc.Forms.aotdata.arm64
copying file ./Payload/BSE.Tunes.XApp.iOS.app/icon_album_wh@3x.png ... 
2022-05-01 06:57:07 +0000  2225 bytes for ./Payload/BSE.Tunes.XApp.iOS.app/icon_album_wh@3x.png
2022-05-01 06:57:07 +0000  copying file ./Payload/BSE.Tunes.XApp.iOS.app/icon_album_wh.png ... 
2022-05-01 06:57:07 +0000  1010 bytes for ./Payload/BSE.Tunes.XApp.iOS.app/icon_album_wh.png
copying file ./Payload/BSE.Tunes.XApp.iOS.app/Default-Landscape.png ... 
2022-05-01 06:57:07 +0000  16133 bytes for ./Payload/BSE.Tunes.XApp.iOS.app/Default-Landscape.png
copying file ./Payload/BSE.Tunes.XApp.iOS.app/icon_playnext_gy_dark@2x.png ... 
2022-05-01 06:57:07 +0000  1122 bytes for ./Payload/BSE.Tunes.XApp.iOS.app/icon_playnext_gy_dark@2x.png
2022-05-01 06:57:07 +0000  copying file ./Payload/BSE.Tunes.XApp.iOS.app/Xamarin.Forms.Platform.aotdata.arm64 ... 
2022-05-01 06:57:07 +0000  2256 bytes for ./Payload/BSE.Tunes.XApp.iOS.app/Xamarin.Forms.Platform.aotdata.arm64
2022-05-01 06:57:07 +0000  copying file ./Payload/BSE.Tunes.XApp.iOS.app/icon_album_bk.png ... 
2022-05-01 06:57:07 +0000  566 bytes for ./Payload/BSE.Tunes.XApp.iOS.app/icon_album_bk.png
copying file ./Payload/BSE.Tunes.XApp.iOS.app/BSE.Tunes.XApp.aotdata.arm64 ... 
2022-05-01 06:57:07 +0000  207328 bytes for ./Payload/BSE.Tunes.XApp.iOS.app/BSE.Tunes.XApp.aotdata.arm64
copying file ./Payload/BSE.Tunes.XApp.iOS.app/mscorlib.dll ... 
2022-05-01 06:57:07 +0000  1073664 bytes for ./Payload/BSE.Tunes.XApp.iOS.app/mscorlib.dll
copying file ./Payload/BSE.Tunes.XApp.iOS.app/BSE.Tunes.XApp.dll ... 
2022-05-01 06:57:07 +0000  189440 bytes for ./Payload/BSE.Tunes.XApp.iOS.app/BSE.Tunes.XApp.dll
2022-05-01 06:57:07 +0000  copying file ./Payload/BSE.Tunes.XApp.iOS.app/ro/Xamarin.Forms.Platform.iOS.resources.dll ... 
2022-05-01 06:57:07 +0000  14256 bytes for ./Payload/BSE.Tunes.XApp.iOS.app/ro/Xamarin.Forms.Platform.iOS.resources.dll
2022-05-01 06:57:07 +0000  copying file ./Payload/BSE.Tunes.XApp.iOS.app/Default-736h@3x.png ... 
2022-05-01 06:57:07 +0000  32146 bytes for ./Payload/BSE.Tunes.XApp.iOS.app/Default-736h@3x.png
copying file ./Payload/BSE.Tunes.XApp.iOS.app/icon_shuffle_pk_dark.png ... 
2022-05-01 06:57:07 +0000  662 bytes for ./Payload/BSE.Tunes.XApp.iOS.app/icon_shuffle_pk_dark.png
copying file ./Payload/BSE.Tunes.XApp.iOS.app/BSE.Tunes.XApp.iOS.aotdata.arm64 ... 
2022-05-01 06:57:07 +0000  26280 bytes for ./Payload/BSE.Tunes.XApp.iOS.app/BSE.Tunes.XApp.iOS.aotdata.arm64
copying file ./Payload/BSE.Tunes.XApp.iOS.app/icon_play_bk_20.png ... 
2022-05-01 06:57:07 +0000  299 bytes for ./Payload/BSE.Tunes.XApp.iOS.app/icon_play_bk_20.png
copying file ./Payload/BSE.Tunes.XApp.iOS.app/archived-expanded-entitlements.xcent ... 
2022-05-01 06:57:07 +0000  181 bytes for ./Payload/BSE.Tunes.XApp.iOS.app/archived-expanded-entitlements.xcent
2022-05-01 06:57:07 +0000  copying file ./Payload/BSE.Tunes.XApp.iOS.app/icon_shuffle_pk_dark@3x.png ... 
2022-05-01 06:57:07 +0000  2259 bytes for ./Payload/BSE.Tunes.XApp.iOS.app/icon_shuffle_pk_dark@3x.png
2022-05-01 06:57:07 +0000  copying file ./Payload/BSE.Tunes.XApp.iOS.app/icon_playnext_wh@3x.png ... 
2022-05-01 06:57:07 +0000  1472 bytes for ./Payload/BSE.Tunes.XApp.iOS.app/icon_playnext_wh@3x.png
copying file ./Payload/BSE.Tunes.XApp.iOS.app/DryIoc.dll ... 
2022-05-01 06:57:07 +0000  294912 bytes for ./Payload/BSE.Tunes.XApp.iOS.app/DryIoc.dll
copying file ./Payload/BSE.Tunes.XApp.iOS.app/icon_pause_wh_20@2x.png ... 
2022-05-01 06:57:07 +0000  501 bytes for ./Payload/BSE.Tunes.XApp.iOS.app/icon_pause_wh_20@2x.png
2022-05-01 06:57:07 +0000  copying file ./Payload/BSE.Tunes.XApp.iOS.app/icon_playnext_gy_light@3x.png ... 
2022-05-01 06:57:07 +0000  1607 bytes for ./Payload/BSE.Tunes.XApp.iOS.app/icon_playnext_gy_light@3x.png
copying file ./Payload/BSE.Tunes.XApp.iOS.app/System.aotdata.arm64 ... 
2022-05-01 06:57:07 +0000  446456 bytes for ./Payload/BSE.Tunes.XApp.iOS.app/System.aotdata.arm64
copying file ./Payload/BSE.Tunes.XApp.iOS.app/icon_pause_bk_20@2x.png ... 
2022-05-01 06:57:07 +0000  355 bytes for ./Payload/BSE.Tunes.XApp.iOS.app/icon_pause_bk_20@2x.png
copying file ./Payload/BSE.Tunes.XApp.iOS.app/SkiaSharp.aotdata.arm64 ... 
2022-05-01 06:57:07 +0000  79520 bytes for ./Payload/BSE.Tunes.XApp.iOS.app/SkiaSharp.aotdata.arm64
2022-05-01 06:57:07 +0000  copying file ./Payload/BSE.Tunes.XApp.iOS.app/pt/Xamarin.Forms.Platform.iOS.resources.dll ... 
2022-05-01 06:57:07 +0000  14248 bytes for ./Payload/BSE.Tunes.XApp.iOS.app/pt/Xamarin.Forms.Platform.iOS.resources.dll
2022-05-01 06:57:07 +0000  copying file ./Payload/BSE.Tunes.XApp.iOS.app/icon_play_bk_20@3x.png ... 
2022-05-01 06:57:07 +0000  702 bytes for ./Payload/BSE.Tunes.XApp.iOS.app/icon_play_bk_20@3x.png
copying file ./Payload/BSE.Tunes.XApp.iOS.app/System.Data.aotdata.arm64 ... 
2022-05-01 06:57:07 +0000  158368 bytes for ./Payload/BSE.Tunes.XApp.iOS.app/System.Data.aotdata.arm64
2022-05-01 06:57:07 +0000  copying file ./Payload/BSE.Tunes.XApp.iOS.app/icon_add_list_wh@3x.png ... 
2022-05-01 06:57:07 +0000  2471 bytes for ./Payload/BSE.Tunes.XApp.iOS.app/icon_add_list_wh@3x.png
copying file ./Payload/BSE.Tunes.XApp.iOS.app/Xamarin.Forms.Xaml.dll ... 
2022-05-01 06:57:07 +0000  66048 bytes for ./Payload/BSE.Tunes.XApp.iOS.app/Xamarin.Forms.Xaml.dll
copying file ./Payload/BSE.Tunes.XApp.iOS.app/FFImageLoading.Forms.aotdata.arm64 ... 
2022-05-01 06:57:07 +0000  20464 bytes for ./Payload/BSE.Tunes.XApp.iOS.app/FFImageLoading.Forms.aotdata.arm64
2022-05-01 06:57:07 +0000  copying file ./Payload/BSE.Tunes.XApp.iOS.app/uk/Xamarin.Forms.Platform.iOS.resources.dll ... 
2022-05-01 06:57:07 +0000  14256 bytes for ./Payload/BSE.Tunes.XApp.iOS.app/uk/Xamarin.Forms.Platform.iOS.resources.dll
2022-05-01 06:57:07 +0000  copying file ./Payload/BSE.Tunes.XApp.iOS.app/Default-568h@2x.png ... 
2022-05-01 06:57:07 +0000  13177 bytes for ./Payload/BSE.Tunes.XApp.iOS.app/Default-568h@2x.png
copying file ./Payload/BSE.Tunes.XApp.iOS.app/Assets.car ... 
2022-05-01 06:57:07 +0000  129903 bytes for ./Payload/BSE.Tunes.XApp.iOS.app/Assets.car
copying file ./Payload/BSE.Tunes.XApp.iOS.app/BSE.Tunes.XApp.iOS.exe ... 
2022-05-01 06:57:07 +0000  26624 bytes for ./Payload/BSE.Tunes.XApp.iOS.app/BSE.Tunes.XApp.iOS.exe
copying file ./Payload/BSE.Tunes.XApp.iOS.app/icon_play_gy_light_20@2x.png ... 
2022-05-01 06:57:07 +0000  756 bytes for ./Payload/BSE.Tunes.XApp.iOS.app/icon_play_gy_light_20@2x.png
copying file ./Payload/BSE.Tunes.XApp.iOS.app/icon_play_wh_20@3x.png ... 
2022-05-01 06:57:07 +0000  1017 bytes for ./Payload/BSE.Tunes.XApp.iOS.app/icon_play_wh_20@3x.png
copying file ./Payload/BSE.Tunes.XApp.iOS.app/icon_delete_bk@3x.png ... 
2022-05-01 06:57:07 +0000  856 bytes for ./Payload/BSE.Tunes.XApp.iOS.app/icon_delete_bk@3x.png
2022-05-01 06:57:07 +0000  copying file ./Payload/BSE.Tunes.XApp.iOS.app/AppIcon76x76@2x~ipad.png ... 
2022-05-01 06:57:07 +0000  3128 bytes for ./Payload/BSE.Tunes.XApp.iOS.app/AppIcon76x76@2x~ipad.png
2022-05-01 06:57:07 +0000  copying file ./Payload/BSE.Tunes.XApp.iOS.app/icon_delete_bk@2x.png ... 
2022-05-01 06:57:07 +0000  523 bytes for ./Payload/BSE.Tunes.XApp.iOS.app/icon_delete_bk@2x.png
copying file ./Payload/BSE.Tunes.XApp.iOS.app/Prism.Forms.aotdata.arm64 ... 
2022-05-01 06:57:07 +0000  87704 bytes for ./Payload/BSE.Tunes.XApp.iOS.app/Prism.Forms.aotdata.arm64
2022-05-01 06:57:07 +0000  copying file ./Payload/BSE.Tunes.XApp.iOS.app/icon_play_wh_20@2x.png ... 
2022-05-01 06:57:07 +0000  726 bytes for ./Payload/BSE.Tunes.XApp.iOS.app/icon_play_wh_20@2x.png
copying file ./Payload/BSE.Tunes.XApp.iOS.app/System.ServiceModel.Internals.dll ... 
2022-05-01 06:57:07 +0000  25600 bytes for ./Payload/BSE.Tunes.XApp.iOS.app/System.ServiceModel.Internals.dll
copying file ./Payload/BSE.Tunes.XApp.iOS.app/Xamarin.Forms.Platform.iOS.dll ... 
2022-05-01 06:57:07 +0000  340992 bytes for ./Payload/BSE.Tunes.XApp.iOS.app/Xamarin.Forms.Platform.iOS.dll
copying file ./Payload/BSE.Tunes.XApp.iOS.app/icon_play_gy_light_20@3x.png ... 
2022-05-01 06:57:07 +0000  1105 bytes for ./Payload/BSE.Tunes.XApp.iOS.app/icon_play_gy_light_20@3x.png
2022-05-01 06:57:07 +0000  copying file ./Payload/BSE.Tunes.XApp.iOS.app/Newtonsoft.Json.dll ... 
2022-05-01 06:57:07 +0000  403456 bytes for ./Payload/BSE.Tunes.XApp.iOS.app/Newtonsoft.Json.dll
copying file ./Payload/BSE.Tunes.XApp.iOS.app/mscorlib.aotdata.arm64 ... 
2022-05-01 06:57:08 +0000  909720 bytes for ./Payload/BSE.Tunes.XApp.iOS.app/mscorlib.aotdata.arm64
copying file ./Payload/BSE.Tunes.XApp.iOS.app/System.Web.Services.dll ... 
2022-05-01 06:57:08 +0000  72192 bytes for ./Payload/BSE.Tunes.XApp.iOS.app/System.Web.Services.dll
copying file ./Payload/BSE.Tunes.XApp.iOS.app/icon_add_list_wh@2x.png ... 
2022-05-01 06:57:08 +0000  1193 bytes for ./Payload/BSE.Tunes.XApp.iOS.app/icon_add_list_wh@2x.png
2022-05-01 06:57:08 +0000  copying file ./Payload/BSE.Tunes.XApp.iOS.app/ar/Xamarin.Forms.Platform.iOS.resources.dll ... 
2022-05-01 06:57:08 +0000  13176 bytes for ./Payload/BSE.Tunes.XApp.iOS.app/ar/Xamarin.Forms.Platform.iOS.resources.dll
2022-05-01 06:57:08 +0000  copying file ./Payload/BSE.Tunes.XApp.iOS.app/icon_play_bk_20@2x.png ... 
2022-05-01 06:57:08 +0000  465 bytes for ./Payload/BSE.Tunes.XApp.iOS.app/icon_play_bk_20@2x.png
copying file ./Payload/BSE.Tunes.XApp.iOS.app/icon_home@2x.png ... 
2022-05-01 06:57:08 +0000  453 bytes for ./Payload/BSE.Tunes.XApp.iOS.app/icon_home@2x.png
2022-05-01 06:57:08 +0000  copying file ./Payload/BSE.Tunes.XApp.iOS.app/hr/Xamarin.Forms.Platform.iOS.resources.dll ... 
2022-05-01 06:57:08 +0000  13176 bytes for ./Payload/BSE.Tunes.XApp.iOS.app/hr/Xamarin.Forms.Platform.iOS.resources.dll
2022-05-01 06:57:08 +0000  copying file ./Payload/BSE.Tunes.XApp.iOS.app/pt-BR/Xamarin.Forms.Platform.iOS.resources.dll ... 
2022-05-01 06:57:08 +0000  14256 bytes for ./Payload/BSE.Tunes.XApp.iOS.app/pt-BR/Xamarin.Forms.Platform.iOS.resources.dll
2022-05-01 06:57:08 +0000  copying file ./Payload/BSE.Tunes.XApp.iOS.app/hu/Xamarin.Forms.Platform.iOS.resources.dll ... 
2022-05-01 06:57:08 +0000  14248 bytes for ./Payload/BSE.Tunes.XApp.iOS.app/hu/Xamarin.Forms.Platform.iOS.resources.dll
2022-05-01 06:57:08 +0000  copying file ./Payload/BSE.Tunes.XApp.iOS.app/nl/Xamarin.Forms.Platform.iOS.resources.dll ... 
2022-05-01 06:57:08 +0000  14256 bytes for ./Payload/BSE.Tunes.XApp.iOS.app/nl/Xamarin.Forms.Platform.iOS.resources.dll
2022-05-01 06:57:08 +0000  copying file ./Payload/BSE.Tunes.XApp.iOS.app/icon_pause_bk_20@3x.png ... 
2022-05-01 06:57:08 +0000  542 bytes for ./Payload/BSE.Tunes.XApp.iOS.app/icon_pause_bk_20@3x.png
copying file ./Payload/BSE.Tunes.XApp.iOS.app/BSE.Tunes.XApp.iOS ... 
2022-05-01 06:57:09 +0000  31803104 bytes for ./Payload/BSE.Tunes.XApp.iOS.app/BSE.Tunes.XApp.iOS
copying file ./Payload/BSE.Tunes.XApp.iOS.app/Xamarin.Essentials.dll ... 
2022-05-01 06:57:09 +0000  15360 bytes for ./Payload/BSE.Tunes.XApp.iOS.app/Xamarin.Essentials.dll
copying file ./Payload/BSE.Tunes.XApp.iOS.app/Mono.Security.dll ... 
2022-05-01 06:57:09 +0000  69632 bytes for ./Payload/BSE.Tunes.XApp.iOS.app/Mono.Security.dll
2022-05-01 06:57:09 +0000  copying file ./Payload/BSE.Tunes.XApp.iOS.app/icon_play_gy_light_20.png ... 
2022-05-01 06:57:09 +0000  444 bytes for ./Payload/BSE.Tunes.XApp.iOS.app/icon_play_gy_light_20.png
copying file ./Payload/BSE.Tunes.XApp.iOS.app/OpenTK-1.0.aotdata.arm64 ... 
2022-05-01 06:57:09 +0000  24224 bytes for ./Payload/BSE.Tunes.XApp.iOS.app/OpenTK-1.0.aotdata.arm64
copying file ./Payload/BSE.Tunes.XApp.iOS.app/Prism.aotdata.arm64 ... 
2022-05-01 06:57:09 +0000  76848 bytes for ./Payload/BSE.Tunes.XApp.iOS.app/Prism.aotdata.arm64
2022-05-01 06:57:09 +0000  copying file ./Payload/BSE.Tunes.XApp.iOS.app/Launchscreen.storyboardc/222-view-223.nib ... 
2022-05-01 06:57:09 +0000  2726 bytes for ./Payload/BSE.Tunes.XApp.iOS.app/Launchscreen.storyboardc/222-view-223.nib
copying file ./Payload/BSE.Tunes.XApp.iOS.app/Launchscreen.storyboardc/Info.plist ... 
2022-05-01 06:57:09 +0000  237 bytes for ./Payload/BSE.Tunes.XApp.iOS.app/Launchscreen.storyboardc/Info.plist
2022-05-01 06:57:09 +0000  copying file ./Payload/BSE.Tunes.XApp.iOS.app/Launchscreen.storyboardc/UIViewController-222.nib ... 
2022-05-01 06:57:09 +0000  882 bytes for ./Payload/BSE.Tunes.XApp.iOS.app/Launchscreen.storyboardc/UIViewController-222.nib
2022-05-01 06:57:09 +0000  copying file ./Payload/BSE.Tunes.XApp.iOS.app/nb/Xamarin.Forms.Platform.iOS.resources.dll ... 
2022-05-01 06:57:09 +0000  14256 bytes for ./Payload/BSE.Tunes.XApp.iOS.app/nb/Xamarin.Forms.Platform.iOS.resources.dll
2022-05-01 06:57:09 +0000  copying file ./Payload/BSE.Tunes.XApp.iOS.app/hi/Xamarin.Forms.Platform.iOS.resources.dll ... 
2022-05-01 06:57:09 +0000  14256 bytes for ./Payload/BSE.Tunes.XApp.iOS.app/hi/Xamarin.Forms.Platform.iOS.resources.dll
2022-05-01 06:57:09 +0000  copying file ./Payload/BSE.Tunes.XApp.iOS.app/Newtonsoft.Json.aotdata.arm64 ... 
2022-05-01 06:57:09 +0000  486248 bytes for ./Payload/BSE.Tunes.XApp.iOS.app/Newtonsoft.Json.aotdata.arm64
2022-05-01 06:57:09 +0000  copying file ./Payload/BSE.Tunes.XApp.iOS.app/de/BSE.Tunes.XApp.resources.dll ... 
2022-05-01 06:57:09 +0000  10752 bytes for ./Payload/BSE.Tunes.XApp.iOS.app/de/BSE.Tunes.XApp.resources.dll
copying file ./Payload/BSE.Tunes.XApp.iOS.app/de/Xamarin.Forms.Platform.iOS.resources.dll ... 
2022-05-01 06:57:09 +0000  14256 bytes for ./Payload/BSE.Tunes.XApp.iOS.app/de/Xamarin.Forms.Platform.iOS.resources.dll
2022-05-01 06:57:09 +0000  copying file ./Payload/BSE.Tunes.XApp.iOS.app/System.Data.dll ... 
2022-05-01 06:57:09 +0000  333312 bytes for ./Payload/BSE.Tunes.XApp.iOS.app/System.Data.dll
2022-05-01 06:57:09 +0000  copying file ./Payload/BSE.Tunes.XApp.iOS.app/System.dll ... 
2022-05-01 06:57:09 +0000  495616 bytes for ./Payload/BSE.Tunes.XApp.iOS.app/System.dll
2022-05-01 06:57:09 +0000  copying file ./Payload/BSE.Tunes.XApp.iOS.app/Prism.DryIoc.Forms.dll ... 
2022-05-01 06:57:09 +0000  12800 bytes for ./Payload/BSE.Tunes.XApp.iOS.app/Prism.DryIoc.Forms.dll
2022-05-01 06:57:09 +0000  copying file ./Payload/BSE.Tunes.XApp.iOS.app/icon_playnext_gy_light@2x.png ... 
2022-05-01 06:57:09 +0000  1091 bytes for ./Payload/BSE.Tunes.XApp.iOS.app/icon_playnext_gy_light@2x.png
copying file ./Payload/BSE.Tunes.XApp.iOS.app/icon_pause_wh_20@3x.png ... 
2022-05-01 06:57:09 +0000  686 bytes for ./Payload/BSE.Tunes.XApp.iOS.app/icon_pause_wh_20@3x.png
2022-05-01 06:57:09 +0000  copying file ./Payload/BSE.Tunes.XApp.iOS.app/icon_playnext_wh@2x.png ... 
2022-05-01 06:57:09 +0000  1054 bytes for ./Payload/BSE.Tunes.XApp.iOS.app/icon_playnext_wh@2x.png
2022-05-01 06:57:09 +0000  copying file ./Payload/BSE.Tunes.XApp.iOS.app/ko/Xamarin.Forms.Platform.iOS.resources.dll ... 
2022-05-01 06:57:09 +0000  14256 bytes for ./Payload/BSE.Tunes.XApp.iOS.app/ko/Xamarin.Forms.Platform.iOS.resources.dll
2022-05-01 06:57:09 +0000  copying file ./Payload/BSE.Tunes.XApp.iOS.app/icon_shuffle_pk_dark@2x.png ... 
2022-05-01 06:57:09 +0000  1085 bytes for ./Payload/BSE.Tunes.XApp.iOS.app/icon_shuffle_pk_dark@2x.png
2022-05-01 06:57:09 +0000  copying file ./Payload/BSE.Tunes.XApp.iOS.app/fi/Xamarin.Forms.Platform.iOS.resources.dll ... 
2022-05-01 06:57:09 +0000  14256 bytes for ./Payload/BSE.Tunes.XApp.iOS.app/fi/Xamarin.Forms.Platform.iOS.resources.dll
2022-05-01 06:57:09 +0000  copying file ./Payload/BSE.Tunes.XApp.iOS.app/icon_album_bk@3x.png ... 
2022-05-01 06:57:09 +0000  1379 bytes for ./Payload/BSE.Tunes.XApp.iOS.app/icon_album_bk@3x.png
2022-05-01 06:57:09 +0000  copying file ./Payload/BSE.Tunes.XApp.iOS.app/icon_play_pk_dark@3x.png ... 
2022-05-01 06:57:09 +0000  1340 bytes for ./Payload/BSE.Tunes.XApp.iOS.app/icon_play_pk_dark@3x.png
copying file ./Payload/BSE.Tunes.XApp.iOS.app/icon_play_bl_light@2x.png ... 
2022-05-01 06:57:09 +0000  845 bytes for ./Payload/BSE.Tunes.XApp.iOS.app/icon_play_bl_light@2x.png
2022-05-01 06:57:09 +0000  copying file ./Payload/BSE.Tunes.XApp.iOS.app/id/Xamarin.Forms.Platform.iOS.resources.dll ... 
2022-05-01 06:57:09 +0000  14256 bytes for ./Payload/BSE.Tunes.XApp.iOS.app/id/Xamarin.Forms.Platform.iOS.resources.dll
2022-05-01 06:57:09 +0000  copying file ./Payload/BSE.Tunes.XApp.iOS.app/fr/Xamarin.Forms.Platform.iOS.resources.dll ... 
2022-05-01 06:57:09 +0000  14256 bytes for ./Payload/BSE.Tunes.XApp.iOS.app/fr/Xamarin.Forms.Platform.iOS.resources.dll
2022-05-01 06:57:09 +0000  copying file ./Payload/BSE.Tunes.XApp.iOS.app/SkiaSharp.Extended.Svg.aotdata.arm64 ... 
2022-05-01 06:57:09 +0000  40272 bytes for ./Payload/BSE.Tunes.XApp.iOS.app/SkiaSharp.Extended.Svg.aotdata.arm64
copying file ./Payload/BSE.Tunes.XApp.iOS.app/icon_delete_bk.png ... 
2022-05-01 06:57:09 +0000  299 bytes for ./Payload/BSE.Tunes.XApp.iOS.app/icon_delete_bk.png
2022-05-01 06:57:09 +0000  copying file ./Payload/BSE.Tunes.XApp.iOS.app/es/Xamarin.Forms.Platform.iOS.resources.dll ... 
2022-05-01 06:57:09 +0000  13176 bytes for ./Payload/BSE.Tunes.XApp.iOS.app/es/Xamarin.Forms.Platform.iOS.resources.dll
2022-05-01 06:57:09 +0000  copying file ./Payload/BSE.Tunes.XApp.iOS.app/ic_menu.png ... 
2022-05-01 06:57:09 +0000  206 bytes for ./Payload/BSE.Tunes.XApp.iOS.app/ic_menu.png
2022-05-01 06:57:09 +0000  copying file ./Payload/BSE.Tunes.XApp.iOS.app/Mono.Security.aotdata.arm64 ... 
2022-05-01 06:57:09 +0000  21384 bytes for ./Payload/BSE.Tunes.XApp.iOS.app/Mono.Security.aotdata.arm64
copying file ./Payload/BSE.Tunes.XApp.iOS.app/FFImageLoading.aotdata.arm64 ... 
2022-05-01 06:57:09 +0000  200224 bytes for ./Payload/BSE.Tunes.XApp.iOS.app/FFImageLoading.aotdata.arm64
2022-05-01 06:57:09 +0000  copying file ./Payload/BSE.Tunes.XApp.iOS.app/icon_play_wh@2x.png ... 
2022-05-01 06:57:09 +0000  598 bytes for ./Payload/BSE.Tunes.XApp.iOS.app/icon_play_wh@2x.png
copying file ./Payload/BSE.Tunes.XApp.iOS.app/icon_delete_wh.png ... 
2022-05-01 06:57:09 +0000  366 bytes for ./Payload/BSE.Tunes.XApp.iOS.app/icon_delete_wh.png
2022-05-01 06:57:09 +0000  copying file ./Payload/BSE.Tunes.XApp.iOS.app/System.Runtime.Serialization.aotdata.arm64 ... 
2022-05-01 06:57:09 +0000  171096 bytes for ./Payload/BSE.Tunes.XApp.iOS.app/System.Runtime.Serialization.aotdata.arm64
copying file ./Payload/BSE.Tunes.XApp.iOS.app/SkiaSharp.Extended.Svg.dll ... 
2022-05-01 06:57:09 +0000  26624 bytes for ./Payload/BSE.Tunes.XApp.iOS.app/SkiaSharp.Extended.Svg.dll
copying file ./Payload/BSE.Tunes.XApp.iOS.app/System.Numerics.dll ... 
2022-05-01 06:57:09 +0000  17408 bytes for ./Payload/BSE.Tunes.XApp.iOS.app/System.Numerics.dll
2022-05-01 06:57:09 +0000  copying file ./Payload/BSE.Tunes.XApp.iOS.app/Frameworks/libSkiaSharp.framework/_CodeSignature/CodeResources ... 
2022-05-01 06:57:09 +0000  1798 bytes for ./Payload/BSE.Tunes.XApp.iOS.app/Frameworks/libSkiaSharp.framework/_CodeSignature/CodeResources
2022-05-01 06:57:09 +0000  copying file ./Payload/BSE.Tunes.XApp.iOS.app/Frameworks/libSkiaSharp.framework/libSkiaSharp ... 
2022-05-01 06:57:10 +0000  5148960 bytes for ./Payload/BSE.Tunes.XApp.iOS.app/Frameworks/libSkiaSharp.framework/libSkiaSharp
copying file ./Payload/BSE.Tunes.XApp.iOS.app/Frameworks/libSkiaSharp.framework/Info.plist ... 
2022-05-01 06:57:10 +0000  737 bytes for ./Payload/BSE.Tunes.XApp.iOS.app/Frameworks/libSkiaSharp.framework/Info.plist
copying file ./Payload/BSE.Tunes.XApp.iOS.app/SvgImageSource.iOS.dll ... 
5632 bytes for ./Payload/BSE.Tunes.XApp.iOS.app/SvgImageSource.iOS.dll
copying file ./Payload/BSE.Tunes.XApp.iOS.app/System.Xml.dll ... 
2022-05-01 06:57:10 +0000  544768 bytes for ./Payload/BSE.Tunes.XApp.iOS.app/System.Xml.dll
2022-05-01 06:57:10 +0000  copying file ./Payload/BSE.Tunes.XApp.iOS.app/icon_play_gy_dark_20@3x.png ... 
2022-05-01 06:57:10 +0000  1120 bytes for ./Payload/BSE.Tunes.XApp.iOS.app/icon_play_gy_dark_20@3x.png
copying file ./Payload/BSE.Tunes.XApp.iOS.app/icon_play_pk_light@3x.png ... 
2022-05-01 06:57:10 +0000  1333 bytes for ./Payload/BSE.Tunes.XApp.iOS.app/icon_play_pk_light@3x.png
2022-05-01 06:57:10 +0000  copying file ./Payload/BSE.Tunes.XApp.iOS.app/SvgImageSource.aotdata.arm64 ... 
2022-05-01 06:57:10 +0000  6608 bytes for ./Payload/BSE.Tunes.XApp.iOS.app/SvgImageSource.aotdata.arm64
2022-05-01 06:57:10 +0000  copying file ./Payload/BSE.Tunes.XApp.iOS.app/Xamarin.iOS.dll ... 
2022-05-01 06:57:10 +0000  568320 bytes for ./Payload/BSE.Tunes.XApp.iOS.app/Xamarin.iOS.dll
2022-05-01 06:57:10 +0000  copying file ./Payload/BSE.Tunes.XApp.iOS.app/embedded.mobileprovision ... 
2022-05-01 06:57:10 +0000  12410 bytes for ./Payload/BSE.Tunes.XApp.iOS.app/embedded.mobileprovision
2022-05-01 06:57:10 +0000  copying file ./Payload/BSE.Tunes.XApp.iOS.app/WebP.Touch.dll ... 
2022-05-01 06:57:10 +0000  5120 bytes for ./Payload/BSE.Tunes.XApp.iOS.app/WebP.Touch.dll
2022-05-01 06:57:10 +0000  copying file ./Payload/BSE.Tunes.XApp.iOS.app/Default-667h@2x.png ... 
2022-05-01 06:57:10 +0000  14251 bytes for ./Payload/BSE.Tunes.XApp.iOS.app/Default-667h@2x.png
2022-05-01 06:57:10 +0000  copying file ./Payload/BSE.Tunes.XApp.iOS.app/Default.png ... 
2022-05-01 06:57:10 +0000  5682 bytes for ./Payload/BSE.Tunes.XApp.iOS.app/Default.png
2022-05-01 06:57:10 +0000  copying file ./Payload/BSE.Tunes.XApp.iOS.app/Xamarin.Essentials.aotdata.arm64 ... 
2022-05-01 06:57:10 +0000  12672 bytes for ./Payload/BSE.Tunes.XApp.iOS.app/Xamarin.Essentials.aotdata.arm64
2022-05-01 06:57:10 +0000  copying file ./Payload/BSE.Tunes.XApp.iOS.app/icon_play_pk_light@2x.png ... 
2022-05-01 06:57:10 +0000  636 bytes for ./Payload/BSE.Tunes.XApp.iOS.app/icon_play_pk_light@2x.png
2022-05-01 06:57:10 +0000  copying file ./Payload/BSE.Tunes.XApp.iOS.app/zh-HK/Xamarin.Forms.Platform.iOS.resources.dll ... 
2022-05-01 06:57:10 +0000  14256 bytes for ./Payload/BSE.Tunes.XApp.iOS.app/zh-HK/Xamarin.Forms.Platform.iOS.resources.dll
2022-05-01 06:57:10 +0000  copying file ./Payload/BSE.Tunes.XApp.iOS.app/icon_shuffle_wh.png ... 
2022-05-01 06:57:10 +0000  626 bytes for ./Payload/BSE.Tunes.XApp.iOS.app/icon_shuffle_wh.png
copying file ./Payload/BSE.Tunes.XApp.iOS.app/icon_play_gy_dark_20@2x.png ... 
2022-05-01 06:57:10 +0000  774 bytes for ./Payload/BSE.Tunes.XApp.iOS.app/icon_play_gy_dark_20@2x.png
2022-05-01 06:57:10 +0000  copying file ./Payload/BSE.Tunes.XApp.iOS.app/icon_pause_bk_20.png ... 
2022-05-01 06:57:10 +0000  252 bytes for ./Payload/BSE.Tunes.XApp.iOS.app/icon_pause_bk_20.png
copying file ./Payload/BSE.Tunes.XApp.iOS.app/Default-1125h.png ... 
2022-05-01 06:57:10 +0000  28970 bytes for ./Payload/BSE.Tunes.XApp.iOS.app/Default-1125h.png
copying file ./Payload/BSE.Tunes.XApp.iOS.app/icon_play_pk_light.png ... 
2022-05-01 06:57:10 +0000  365 bytes for ./Payload/BSE.Tunes.XApp.iOS.app/icon_play_pk_light.png
2022-05-01 06:57:10 +0000  copying file ./Payload/BSE.Tunes.XApp.iOS.app/icon_play_wh.png ... 
2022-05-01 06:57:10 +0000  348 bytes for ./Payload/BSE.Tunes.XApp.iOS.app/icon_play_wh.png
2022-05-01 06:57:10 +0000  copying file ./Payload/BSE.Tunes.XApp.iOS.app/th/Xamarin.Forms.Platform.iOS.resources.dll ... 
2022-05-01 06:57:10 +0000  14248 bytes for ./Payload/BSE.Tunes.XApp.iOS.app/th/Xamarin.Forms.Platform.iOS.resources.dll
2022-05-01 06:57:10 +0000  copying file ./Payload/BSE.Tunes.XApp.iOS.app/icon_add_list_wh.png ... 
2022-05-01 06:57:10 +0000  612 bytes for ./Payload/BSE.Tunes.XApp.iOS.app/icon_add_list_wh.png
copying file ./Payload/BSE.Tunes.XApp.iOS.app/icon_play_wh@3x.png ... 
2022-05-01 06:57:10 +0000  1251 bytes for ./Payload/BSE.Tunes.XApp.iOS.app/icon_play_wh@3x.png
2022-05-01 06:57:10 +0000  copying file ./Payload/BSE.Tunes.XApp.iOS.app/Info.plist ... 
2022-05-01 06:57:10 +0000  1747 bytes for ./Payload/BSE.Tunes.XApp.iOS.app/Info.plist
copying file ./Payload/BSE.Tunes.XApp.iOS.app/Default-Landscape-X.png ... 
2022-05-01 06:57:10 +0000  31323 bytes for ./Payload/BSE.Tunes.XApp.iOS.app/Default-Landscape-X.png
copying file ./Payload/BSE.Tunes.XApp.iOS.app/icon_add_list_bk.png ... 
2022-05-01 06:57:10 +0000  411 bytes for ./Payload/BSE.Tunes.XApp.iOS.app/icon_add_list_bk.png
2022-05-01 06:57:10 +0000  copying file ./Payload/BSE.Tunes.XApp.iOS.app/tr/Xamarin.Forms.Platform.iOS.resources.dll ... 
2022-05-01 06:57:10 +0000  14256 bytes for ./Payload/BSE.Tunes.XApp.iOS.app/tr/Xamarin.Forms.Platform.iOS.resources.dll
2022-05-01 06:57:10 +0000  copying file ./Payload/BSE.Tunes.XApp.iOS.app/FFImageLoading.dll ... 
2022-05-01 06:57:10 +0000  120832 bytes for ./Payload/BSE.Tunes.XApp.iOS.app/FFImageLoading.dll
copying file ./Payload/BSE.Tunes.XApp.iOS.app/icon_playlists@2x.png ... 
2022-05-01 06:57:10 +0000  215 bytes for ./Payload/BSE.Tunes.XApp.iOS.app/icon_playlists@2x.png
2022-05-01 06:57:10 +0000  copying file ./Payload/BSE.Tunes.XApp.iOS.app/System.Core.dll ... 
2022-05-01 06:57:10 +0000  245248 bytes for ./Payload/BSE.Tunes.XApp.iOS.app/System.Core.dll
copying file ./Payload/BSE.Tunes.XApp.iOS.app/Xamarin.Forms.Xaml.aotdata.arm64 ... 
2022-05-01 06:57:10 +0000  56576 bytes for ./Payload/BSE.Tunes.XApp.iOS.app/Xamarin.Forms.Xaml.aotdata.arm64
copying file ./Payload/BSE.Tunes.XApp.iOS.app/OpenTK-1.0.dll.config ... 
2022-05-01 06:57:10 +0000  919 bytes for ./Payload/BSE.Tunes.XApp.iOS.app/OpenTK-1.0.dll.config
2022-05-01 06:57:10 +0000  copying file ./Payload/BSE.Tunes.XApp.iOS.app/Xamarin.Forms.Platform.dll ... 
2022-05-01 06:57:10 +0000  13312 bytes for ./Payload/BSE.Tunes.XApp.iOS.app/Xamarin.Forms.Platform.dll
copying file ./Payload/BSE.Tunes.XApp.iOS.app/PkgInfo ... 
2022-05-01 06:57:10 +0000  8 bytes for ./Payload/BSE.Tunes.XApp.iOS.app/PkgInfo
2022-05-01 06:57:10 +0000  copying file ./Payload/BSE.Tunes.XApp.iOS.app/icon_play_bl_light@3x.png ... 
2022-05-01 06:57:10 +0000  1216 bytes for ./Payload/BSE.Tunes.XApp.iOS.app/icon_play_bl_light@3x.png
2022-05-01 06:57:10 +0000  copying file ./Payload/BSE.Tunes.XApp.iOS.app/icon_album_bk@2x.png ... 
2022-05-01 06:57:10 +0000  1016 bytes for ./Payload/BSE.Tunes.XApp.iOS.app/icon_album_bk@2x.png
copying file ./Payload/BSE.Tunes.XApp.iOS.app/icon_play_pk_dark@2x.png ... 
2022-05-01 06:57:10 +0000  642 bytes for ./Payload/BSE.Tunes.XApp.iOS.app/icon_play_pk_dark@2x.png
2022-05-01 06:57:10 +0000  copying file ./Payload/BSE.Tunes.XApp.iOS.app/System.Drawing.Common.aotdata.arm64 ... 
2022-05-01 06:57:10 +0000  12280 bytes for ./Payload/BSE.Tunes.XApp.iOS.app/System.Drawing.Common.aotdata.arm64
2022-05-01 06:57:10 +0000  copying file ./Payload/BSE.Tunes.XApp.iOS.app/System.Drawing.Common.dll ... 
2022-05-01 06:57:10 +0000  22528 bytes for ./Payload/BSE.Tunes.XApp.iOS.app/System.Drawing.Common.dll
copying file ./Payload/BSE.Tunes.XApp.iOS.app/System.Xml.aotdata.arm64 ... 
2022-05-01 06:57:10 +0000  359312 bytes for ./Payload/BSE.Tunes.XApp.iOS.app/System.Xml.aotdata.arm64
copying file ./Payload/BSE.Tunes.XApp.iOS.app/icon_playnext_gy_dark.png ... 
2022-05-01 06:57:10 +0000  654 bytes for ./Payload/BSE.Tunes.XApp.iOS.app/icon_playnext_gy_dark.png
2022-05-01 06:57:10 +0000  /usr/bin/ditto exited with 0
2022-05-01 06:57:10 +0000  Processing step: IDEDistributionAppStoreInformationStep
2022-05-01 06:57:10 +0000  Skipping step: IDEDistributionAppStoreInformationStep because it said so
2022-05-01 06:57:10 +0000  Processing step: IDEDistributionGenerateProcessedDistributionItems
2022-05-01 06:57:10 +0000  IDEDistributionItem init <DVTFilePath:0x7f81987041a0:'/var/folders/6w/62l3y6z15q71hs2tbyjvns480000gn/T/XcodeDistPipeline.~~~zRico9/Root/Payload/BSE.Tunes.XApp.iOS.app/Frameworks/libSkiaSharp.framework'>
2022-05-01 06:57:10 +0000  IDEDistributionItem init <DVTFilePath:0x7f819872e150:'/var/folders/6w/62l3y6z15q71hs2tbyjvns480000gn/T/XcodeDistPipeline.~~~zRico9/Root/Payload/BSE.Tunes.XApp.iOS.app'>
2022-05-01 06:57:10 +0000  Processing step: IDEDistributionCreateManifestStep
